[0227/161838:INFO:user_input_monitor_win.cc(168)] RegisterRawInputDevices() failed for RIDEV_REMOVE: The parameter is incorrect. (0x57)
[0227/161842:ERROR:audio_output_device.cc(369)] IO loop going away before the audio device has been stopped
[0227/161842:ERROR:audio_input_device.cc(269)] IO loop going away before the input device has been stopped
[0227/163741.322:ERROR:audio_output_device.cc(425)] IO loop going away before the audio device has been stopped
[0227/163756.015:INFO:user_input_monitor_win.cc(171)] RegisterRawInputDevices() failed for RIDEV_REMOVE: The parameter is incorrect. (0x57)
[0227/163812.534:INFO:user_input_monitor_win.cc(171)] RegisterRawInputDevices() failed for RIDEV_REMOVE: The parameter is incorrect. (0x57)
[0227/163816.970:ERROR:audio_output_device.cc(425)] IO loop going away before the audio device has been stopped
[0227/165104.252:ERROR:audio_output_device.cc(425)] IO loop going away before the audio device has been stopped
[0227/165741.013:ERROR:audio_output_device.cc(425)] IO loop going away before the audio device has been stopped
[0227/170132.406:ERROR:audio_output_device.cc(425)] IO loop going away before the audio device has been stopped
[0227/170431.307:ERROR:audio_output_device.cc(425)] IO loop going away before the audio device has been stopped
[0227/170436.887:ERROR:audio_output_device.cc(425)] IO loop going away before the audio device has been stopped
[0227/170438.201:INFO:user_input_monitor_win.cc(171)] RegisterRawInputDevices() failed for RIDEV_REMOVE: The parameter is incorrect. (0x57)
[0227/170449.972:INFO:user_input_monitor_win.cc(171)] RegisterRawInputDevices() failed for RIDEV_REMOVE: The parameter is incorrect. (0x57)
[0227/170452.622:ERROR:audio_output_device.cc(425)] IO loop going away before the audio device has been stopped
[0227/170453.974:INFO:user_input_monitor_win.cc(171)] RegisterRawInputDevices() failed for RIDEV_REMOVE: The parameter is incorrect. (0x57)
[0227/170505.326:ERROR:audio_output_device.cc(425)] IO loop going away before the audio device has been stopped
[0227/170506.672:INFO:user_input_monitor_win.cc(171)] RegisterRawInputDevices() failed for RIDEV_REMOVE: The parameter is incorrect. (0x57)
[0623/175633.943:WARNING:dns_config_service_win.cc(661)] Failed to read DnsConfig.
[0623/180739.574:WARNING:quota_manager.cc(1833)] Create directory failed for path
[0623/180739.575:WARNING:quota_manager.cc(1833)] Create directory failed for path
[0623/180740.496:WARNING:quota_manager.cc(1833)] Create directory failed for path
[0623/183411.136:WARNING:quota_manager.cc(1833)] Create directory failed for path
[0623/183411.136:WARNING:quota_manager.cc(1833)] Create directory failed for path
[0623/183411.871:WARNING:quota_manager.cc(1833)] Create directory failed for path
[0623/183657.782:WARNING:quota_manager.cc(1833)] Create directory failed for path
[0623/183657.783:WARNING:quota_manager.cc(1833)] Create directory failed for path
[0623/183658.022:WARNING:quota_manager.cc(1833)] Create directory failed for path
[0623/183711.422:WARNING:audio_output_dispatcher_impl.cc(138)] Active proxy streams during shutdown: 1
[0623/183736.134:WARNING:quota_manager.cc(1833)] Create directory failed for path
[0623/183736.135:WARNING:quota_manager.cc(1833)] Create directory failed for path
[0623/183736.288:WARNING:quota_manager.cc(1833)] Create directory failed for path
[0623/183929.481:WARNING:quota_manager.cc(1833)] Create directory failed for path
[0623/183929.482:WARNING:quota_manager.cc(1833)] Create directory failed for path
[0623/183929.485:WARNING:quota_manager.cc(1833)] Create directory failed for path
[0623/183957.893:WARNING:audio_output_dispatcher_impl.cc(138)] Active proxy streams during shutdown: 1
[0623/184143.673:WARNING:quota_manager.cc(1833)] Create directory failed for path
[0623/184143.674:WARNING:quota_manager.cc(1833)] Create directory failed for path
[0623/184144.363:WARNING:quota_manager.cc(1833)] Create directory failed for path
[0623/184210.641:WARNING:audio_output_dispatcher_impl.cc(138)] Active proxy streams during shutdown: 1
[0623/184506.842:WARNING:quota_manager.cc(1833)] Create directory failed for path
[0623/184506.843:WARNING:quota_manager.cc(1833)] Create directory failed for path
[0623/184506.917:WARNING:quota_manager.cc(1833)] Create directory failed for path
[0623/184713.405:WARNING:quota_manager.cc(1833)] Create directory failed for path
[0623/184713.406:WARNING:quota_manager.cc(1833)] Create directory failed for path
[0623/184713.965:WARNING:quota_manager.cc(1833)] Create directory failed for path
[0623/184722.973:WARNING:audio_output_dispatcher_impl.cc(138)] Active proxy streams during shutdown: 1
[0623/185123.845:WARNING:quota_manager.cc(1833)] Create directory failed for path
[0623/185123.846:WARNING:quota_manager.cc(1833)] Create directory failed for path
[0623/185123.894:WARNING:quota_manager.cc(1833)] Create directory failed for path
[0623/185150.099:WARNING:audio_output_dispatcher_impl.cc(138)] Active proxy streams during shutdown: 1
[0623/185311.764:WARNING:quota_manager.cc(1833)] Create directory failed for path
[0623/185311.764:WARNING:quota_manager.cc(1833)] Create directory failed for path
[0623/185312.156:WARNING:quota_manager.cc(1833)] Create directory failed for path
[0623/185341.671:WARNING:audio_output_dispatcher_impl.cc(138)] Active proxy streams during shutdown: 1
[0623/185341.736:WARNING:audio_sync_reader.cc(166)] AudioSyncReader::Read timed out, audio glitch count=1
[0623/185341.765:WARNING:audio_sync_reader.cc(166)] AudioSyncReader::Read timed out, audio glitch count=2
[0623/185341.786:WARNING:audio_sync_reader.cc(166)] AudioSyncReader::Read timed out, audio glitch count=3
[0623/185341.816:WARNING:audio_sync_reader.cc(166)] AudioSyncReader::Read timed out, audio glitch count=4
[0623/185351.679:WARNING:quota_manager.cc(1833)] Create directory failed for path
[0623/185351.680:WARNING:quota_manager.cc(1833)] Create directory failed for path
[0623/185352.344:WARNING:quota_manager.cc(1833)] Create directory failed for path
[0623/185409.135:WARNING:audio_output_dispatcher_impl.cc(138)] Active proxy streams during shutdown: 1
[0623/185534.686:WARNING:quota_manager.cc(1833)] Create directory failed for path
[0623/185534.686:WARNING:quota_manager.cc(1833)] Create directory failed for path
[0623/185535.306:WARNING:quota_manager.cc(1833)] Create directory failed for path
[0623/190048.226:WARNING:quota_manager.cc(1833)] Create directory failed for path
[0623/190048.226:WARNING:quota_manager.cc(1833)] Create directory failed for path
[0623/190048.716:WARNING:quota_manager.cc(1833)] Create directory failed for path
[0623/190242.809:WARNING:quota_manager.cc(1833)] Create directory failed for path
[0623/190242.810:WARNING:quota_manager.cc(1833)] Create directory failed for path
[0623/190243.186:WARNING:quota_manager.cc(1833)] Create directory failed for path
[0623/190556.961:WARNING:quota_manager.cc(1833)] Create directory failed for path
[0623/190556.962:WARNING:quota_manager.cc(1833)] Create directory failed for path
[0623/190557.338:WARNING:quota_manager.cc(1833)] Create directory failed for path
[0623/190727.218:WARNING:quota_manager.cc(1833)] Create directory failed for path
[0623/190727.219:WARNING:quota_manager.cc(1833)] Create directory failed for path
[0623/190727.618:WARNING:quota_manager.cc(1833)] Create directory failed for path
[0623/190946.517:WARNING:quota_manager.cc(1833)] Create directory failed for path
[0623/190946.517:WARNING:quota_manager.cc(1833)] Create directory failed for path
[0623/190946.635:WARNING:quota_manager.cc(1833)] Create directory failed for path
[0623/191342.106:WARNING:quota_manager.cc(1833)] Create directory failed for path
[0623/191342.107:WARNING:quota_manager.cc(1833)] Create directory failed for path
[0623/191342.878:WARNING:quota_manager.cc(1833)] Create directory failed for path
[0623/191504.803:WARNING:htmlmediaelement.cpp(1954)] currentPlaybackPosition readyState = 4 but no webMeidaPlayer to provide currentPlaybackPosition
[0623/191715.506:WARNING:quota_manager.cc(1833)] Create directory failed for path
[0623/191715.506:WARNING:quota_manager.cc(1833)] Create directory failed for path
[0623/191715.543:WARNING:quota_manager.cc(1833)] Create directory failed for path
[0623/192721.522:WARNING:quota_manager.cc(1833)] Create directory failed for path
[0623/192721.522:WARNING:quota_manager.cc(1833)] Create directory failed for path
[0623/192722.001:WARNING:quota_manager.cc(1833)] Create directory failed for path
[0623/192922.354:WARNING:quota_manager.cc(1833)] Create directory failed for path
[0623/193242.013:WARNING:quota_manager.cc(1833)] Create directory failed for path
[0623/193242.013:WARNING:quota_manager.cc(1833)] Create directory failed for path
[0623/193844.566:WARNING:quota_manager.cc(1833)] Create directory failed for path
[0623/193844.567:WARNING:quota_manager.cc(1833)] Create directory failed for path
[0623/193844.654:WARNING:quota_manager.cc(1833)] Create directory failed for path
[0623/194842.464:WARNING:quota_manager.cc(1833)] Create directory failed for path
[0623/194842.465:WARNING:quota_manager.cc(1833)] Create directory failed for path
[0623/194842.859:WARNING:quota_manager.cc(1833)] Create directory failed for path
[0623/195214.689:WARNING:quota_manager.cc(1833)] Create directory failed for path
[0623/195214.690:WARNING:quota_manager.cc(1833)] Create directory failed for path
[0623/195215.046:WARNING:quota_manager.cc(1833)] Create directory failed for path
[0623/195350.249:WARNING:htmlmediaelement.cpp(1954)] currentPlaybackPosition readyState = 4 but no webMeidaPlayer to provide currentPlaybackPosition
[0623/195509.281:WARNING:quota_manager.cc(1833)] Create directory failed for path
[0623/195509.282:WARNING:quota_manager.cc(1833)] Create directory failed for path
[0623/195509.653:WARNING:quota_manager.cc(1833)] Create directory failed for path
[0623/200337.362:WARNING:quota_manager.cc(1833)] Create directory failed for path
[0623/200337.363:WARNING:quota_manager.cc(1833)] Create directory failed for path
[0623/200337.568:WARNING:quota_manager.cc(1833)] Create directory failed for path
[0623/201828.095:WARNING:quota_manager.cc(1833)] Create directory failed for path
[0623/201828.096:WARNING:quota_manager.cc(1833)] Create directory failed for path
[0623/201828.216:WARNING:quota_manager.cc(1833)] Create directory failed for path
[0623/202008.640:WARNING:quota_manager.cc(1833)] Create directory failed for path
[0623/202008.640:WARNING:quota_manager.cc(1833)] Create directory failed for path
[0623/202008.878:WARNING:quota_manager.cc(1833)] Create directory failed for path
[0623/202049.176:WARNING:htmlmediaelement.cpp(1954)] currentPlaybackPosition readyState = 4 but no webMeidaPlayer to provide currentPlaybackPosition
[0623/202112.691:WARNING:htmlmediaelement.cpp(1954)] currentPlaybackPosition readyState = 4 but no webMeidaPlayer to provide currentPlaybackPosition
[0623/203605.249:WARNING:quota_manager.cc(1833)] Create directory failed for path
[0623/203605.249:WARNING:quota_manager.cc(1833)] Create directory failed for path
[0623/203605.354:WARNING:quota_manager.cc(1833)] Create directory failed for path
[0623/203910.486:WARNING:quota_manager.cc(1833)] Create directory failed for path
[0623/203910.487:WARNING:quota_manager.cc(1833)] Create directory failed for path
[0623/203910.487:ERROR:waituntilobserver.cpp(145)] NOT IMPLEMENTED
[0623/204128.499:WARNING:quota_manager.cc(1833)] Create directory failed for path
[0623/204128.499:WARNING:quota_manager.cc(1833)] Create directory failed for path
[0623/204128.499:ERROR:waituntilobserver.cpp(145)] NOT IMPLEMENTED
[0623/204324.442:WARNING:quota_manager.cc(1833)] Create directory failed for path
[0623/204324.443:WARNING:quota_manager.cc(1833)] Create directory failed for path
[0623/204324.443:ERROR:waituntilobserver.cpp(145)] NOT IMPLEMENTED
[0623/204411.833:WARNING:quota_manager.cc(1833)] Create directory failed for path
[0623/204411.834:WARNING:quota_manager.cc(1833)] Create directory failed for path
[0623/204411.834:ERROR:waituntilobserver.cpp(145)] NOT IMPLEMENTED
[0623/204458.306:WARNING:quota_manager.cc(1833)] Create directory failed for path
[0623/204458.306:WARNING:quota_manager.cc(1833)] Create directory failed for path
[0623/204458.306:ERROR:waituntilobserver.cpp(145)] NOT IMPLEMENTED
[0623/204757.009:WARNING:quota_manager.cc(1833)] Create directory failed for path
[0623/204757.010:WARNING:quota_manager.cc(1833)] Create directory failed for path
[0623/204757.010:WARNING:quota_manager.cc(1833)] Create directory failed for path
[0623/204757.011:ERROR:waituntilobserver.cpp(145)] NOT IMPLEMENTED
[0623/205107.672:WARNING:quota_manager.cc(1833)] Create directory failed for path
[0623/205107.672:WARNING:quota_manager.cc(1833)] Create directory failed for path
[0623/205107.672:ERROR:waituntilobserver.cpp(145)] NOT IMPLEMENTED
[0623/205310.471:WARNING:quota_manager.cc(1833)] Create directory failed for path
[0623/205310.471:WARNING:quota_manager.cc(1833)] Create directory failed for path
[0623/205310.471:ERROR:waituntilobserver.cpp(145)] NOT IMPLEMENTED
[0623/205714.117:WARNING:quota_manager.cc(1833)] Create directory failed for path
[0623/205714.117:WARNING:quota_manager.cc(1833)] Create directory failed for path
[0623/205714.118:ERROR:waituntilobserver.cpp(145)] NOT IMPLEMENTED
[0623/210658.070:WARNING:quota_manager.cc(1833)] Create directory failed for path
[0623/210658.070:WARNING:quota_manager.cc(1833)] Create directory failed for path
[0623/210658.071:ERROR:waituntilobserver.cpp(145)] NOT IMPLEMENTED
[0623/211016.199:WARNING:quota_manager.cc(1833)] Create directory failed for path
[0623/211016.200:WARNING:quota_manager.cc(1833)] Create directory failed for path
[0623/211016.200:ERROR:waituntilobserver.cpp(145)] NOT IMPLEMENTED
[0623/211601.931:WARNING:quota_manager.cc(1833)] Create directory failed for path
[0623/211601.931:WARNING:quota_manager.cc(1833)] Create directory failed for path
[0623/211601.932:ERROR:waituntilobserver.cpp(145)] NOT IMPLEMENTED
[0623/212649.399:ERROR:render_media_log.cc(25)] MediaEvent: PIPELINE_ERROR demuxer: could not open
[0623/212649.399:ERROR:render_media_log.cc(25)] MediaEvent: PIPELINE_ERROR demuxer: could not open
[0623/212649.400:ERROR:render_media_log.cc(25)] MediaEvent: PIPELINE_ERROR demuxer: could not open
[0623/212649.400:ERROR:render_media_log.cc(25)] MediaEvent: PIPELINE_ERROR demuxer: could not open
[0623/212649.403:ERROR:render_media_log.cc(25)] MediaEvent: PIPELINE_ERROR demuxer: could not open
[0623/212649.406:ERROR:render_media_log.cc(25)] MediaEvent: PIPELINE_ERROR demuxer: could not open
[0623/213149.790:WARNING:quota_manager.cc(1833)] Create directory failed for path
[0623/213149.791:WARNING:quota_manager.cc(1833)] Create directory failed for path
[0623/213417.684:WARNING:quota_manager.cc(1833)] Create directory failed for path
[0623/213417.685:WARNING:quota_manager.cc(1833)] Create directory failed for path
[0623/213417.685:ERROR:waituntilobserver.cpp(145)] NOT IMPLEMENTED
[0623/213537.603:WARNING:quota_manager.cc(1833)] Create directory failed for path
[0623/213537.604:WARNING:quota_manager.cc(1833)] Create directory failed for path
[0623/213537.604:ERROR:waituntilobserver.cpp(145)] NOT IMPLEMENTED
[0623/213640.164:WARNING:quota_manager.cc(1833)] Create directory failed for path
[0623/213640.164:WARNING:quota_manager.cc(1833)] Create directory failed for path
[0623/213640.164:ERROR:waituntilobserver.cpp(145)] NOT IMPLEMENTED
[0623/214038.376:WARNING:quota_manager.cc(1833)] Create directory failed for path
[0623/214038.377:WARNING:quota_manager.cc(1833)] Create directory failed for path
[0623/214038.377:ERROR:waituntilobserver.cpp(145)] NOT IMPLEMENTED
[0623/214152.356:WARNING:quota_manager.cc(1833)] Create directory failed for path
[0623/214152.357:WARNING:quota_manager.cc(1833)] Create directory failed for path
[0623/214152.357:ERROR:waituntilobserver.cpp(145)] NOT IMPLEMENTED
[0623/214250.660:WARNING:quota_manager.cc(1833)] Create directory failed for path
[0623/214250.660:WARNING:quota_manager.cc(1833)] Create directory failed for path
[0623/214250.660:ERROR:waituntilobserver.cpp(145)] NOT IMPLEMENTED
[0623/214454.361:WARNING:quota_manager.cc(1833)] Create directory failed for path
[0623/214454.361:WARNING:quota_manager.cc(1833)] Create directory failed for path
[0623/214454.361:ERROR:waituntilobserver.cpp(145)] NOT IMPLEMENTED
[0623/214528.792:WARNING:quota_manager.cc(1833)] Create directory failed for path
[0623/214528.792:WARNING:quota_manager.cc(1833)] Create directory failed for path
[0623/214528.793:ERROR:waituntilobserver.cpp(145)] NOT IMPLEMENTED
[0623/215312.431:WARNING:quota_manager.cc(1833)] Create directory failed for path
[0623/215312.432:WARNING:quota_manager.cc(1833)] Create directory failed for path
[0623/215312.432:ERROR:waituntilobserver.cpp(145)] NOT IMPLEMENTED
[0623/215333.077:WARNING:quota_manager.cc(1833)] Create directory failed for path
[0623/215333.078:WARNING:quota_manager.cc(1833)] Create directory failed for path
[0623/215333.078:ERROR:waituntilobserver.cpp(145)] NOT IMPLEMENTED
[0623/215454.451:WARNING:quota_manager.cc(1833)] Create directory failed for path
[0623/215454.451:WARNING:quota_manager.cc(1833)] Create directory failed for path
[0623/215454.451:ERROR:waituntilobserver.cpp(145)] NOT IMPLEMENTED
[0623/215720.747:WARNING:quota_manager.cc(1833)] Create directory failed for path
[0623/215720.747:WARNING:quota_manager.cc(1833)] Create directory failed for path
[0623/215720.748:ERROR:waituntilobserver.cpp(145)] NOT IMPLEMENTED
[0624/144415.764:WARNING:quota_manager.cc(1833)] Create directory failed for path
[0624/144415.765:WARNING:quota_manager.cc(1833)] Create directory failed for path
[0624/144415.765:ERROR:waituntilobserver.cpp(145)] NOT IMPLEMENTED
[0624/144440.581:WARNING:quota_manager.cc(1833)] Create directory failed for path
[0624/144440.581:WARNING:quota_manager.cc(1833)] Create directory failed for path
[0624/144440.582:ERROR:waituntilobserver.cpp(145)] NOT IMPLEMENTED
[0624/144638.302:WARNING:quota_manager.cc(1833)] Create directory failed for path
[0624/144638.302:WARNING:quota_manager.cc(1833)] Create directory failed for path
[0624/144638.302:ERROR:waituntilobserver.cpp(145)] NOT IMPLEMENTED
[0624/145036.882:WARNING:quota_manager.cc(1833)] Create directory failed for path
[0624/145036.883:WARNING:quota_manager.cc(1833)] Create directory failed for path
[0624/145036.883:ERROR:waituntilobserver.cpp(145)] NOT IMPLEMENTED
[0624/145729.954:WARNING:quota_manager.cc(1833)] Create directory failed for path
[0624/145729.955:WARNING:quota_manager.cc(1833)] Create directory failed for path
[0624/145729.955:ERROR:waituntilobserver.cpp(145)] NOT IMPLEMENTED
[0624/145848.735:WARNING:quota_manager.cc(1833)] Create directory failed for path
[0624/145848.736:WARNING:quota_manager.cc(1833)] Create directory failed for path
[0624/145848.736:ERROR:waituntilobserver.cpp(145)] NOT IMPLEMENTED
[0624/150114.771:WARNING:quota_manager.cc(1833)] Create directory failed for path
[0624/150114.772:WARNING:quota_manager.cc(1833)] Create directory failed for path
[0624/150114.772:ERROR:waituntilobserver.cpp(145)] NOT IMPLEMENTED
[0624/151342.268:WARNING:quota_manager.cc(1833)] Create directory failed for path
[0624/151342.269:WARNING:quota_manager.cc(1833)] Create directory failed for path
[0624/151342.446:WARNING:quota_manager.cc(1833)] Create directory failed for path
[0624/151641.566:WARNING:spdy_session.cc(2224)] Received HEADERS for invalid stream 153
[0624/151657.076:WARNING:htmlmediaelement.cpp(1954)] currentPlaybackPosition readyState = 4 but no webMeidaPlayer to provide currentPlaybackPosition
[0624/151925.157:WARNING:quota_manager.cc(1833)] Create directory failed for path
[0624/151925.157:WARNING:quota_manager.cc(1833)] Create directory failed for path
[0624/151925.157:ERROR:waituntilobserver.cpp(145)] NOT IMPLEMENTED
[0624/152015.179:WARNING:quota_manager.cc(1833)] Create directory failed for path
[0624/152015.179:WARNING:quota_manager.cc(1833)] Create directory failed for path
[0624/152015.179:ERROR:waituntilobserver.cpp(145)] NOT IMPLEMENTED
[0624/152116.808:WARNING:quota_manager.cc(1833)] Create directory failed for path
[0624/152116.808:WARNING:quota_manager.cc(1833)] Create directory failed for path
[0624/152116.808:ERROR:waituntilobserver.cpp(145)] NOT IMPLEMENTED
[0624/152401.762:WARNING:quota_manager.cc(1833)] Create directory failed for path
[0624/152401.763:WARNING:quota_manager.cc(1833)] Create directory failed for path
[0624/152401.763:ERROR:waituntilobserver.cpp(145)] NOT IMPLEMENTED
[0624/153020.887:WARNING:quota_manager.cc(1833)] Create directory failed for path
[0624/153020.888:WARNING:quota_manager.cc(1833)] Create directory failed for path
[0624/153020.888:ERROR:waituntilobserver.cpp(145)] NOT IMPLEMENTED
[0624/153204.170:WARNING:quota_manager.cc(1833)] Create directory failed for path
[0624/153204.171:WARNING:quota_manager.cc(1833)] Create directory failed for path
[0624/153204.171:ERROR:waituntilobserver.cpp(145)] NOT IMPLEMENTED
[0624/153406.396:WARNING:quota_manager.cc(1833)] Create directory failed for path
[0624/153406.397:WARNING:quota_manager.cc(1833)] Create directory failed for path
[0624/153406.397:ERROR:waituntilobserver.cpp(145)] NOT IMPLEMENTED
[0624/153632.513:WARNING:quota_manager.cc(1833)] Create directory failed for path
[0624/153632.514:WARNING:quota_manager.cc(1833)] Create directory failed for path
[0624/153632.514:ERROR:waituntilobserver.cpp(145)] NOT IMPLEMENTED
[0624/153702.473:WARNING:quota_manager.cc(1833)] Create directory failed for path
[0624/153702.474:WARNING:quota_manager.cc(1833)] Create directory failed for path
[0624/153702.474:ERROR:waituntilobserver.cpp(145)] NOT IMPLEMENTED
[0624/153837.213:WARNING:quota_manager.cc(1833)] Create directory failed for path
[0624/153837.214:WARNING:quota_manager.cc(1833)] Create directory failed for path
[0624/153837.214:ERROR:waituntilobserver.cpp(145)] NOT IMPLEMENTED
[0624/153852.707:WARNING:quota_manager.cc(1833)] Create directory failed for path
[0624/153852.707:WARNING:quota_manager.cc(1833)] Create directory failed for path
[0624/153852.707:ERROR:waituntilobserver.cpp(145)] NOT IMPLEMENTED
[0624/153904.471:WARNING:quota_manager.cc(1833)] Create directory failed for path
[0624/153904.471:ERROR:waituntilobserver.cpp(145)] NOT IMPLEMENTED
[0624/153937.256:WARNING:quota_manager.cc(1833)] Create directory failed for path
[0624/153937.257:ERROR:waituntilobserver.cpp(145)] NOT IMPLEMENTED
[0624/154105.239:WARNING:quota_manager.cc(1833)] Create directory failed for path
[0624/154105.239:WARNING:quota_manager.cc(1833)] Create directory failed for path
[0624/154105.306:WARNING:quota_manager.cc(1833)] Create directory failed for path
[0624/154123.258:WARNING:htmlmediaelement.cpp(1954)] currentPlaybackPosition readyState = 4 but no webMeidaPlayer to provide currentPlaybackPosition
[0624/154325.890:WARNING:quota_manager.cc(1833)] Create directory failed for path
[0624/154325.891:WARNING:quota_manager.cc(1833)] Create directory failed for path
[0624/154325.891:ERROR:waituntilobserver.cpp(145)] NOT IMPLEMENTED
[0624/154718.906:WARNING:quota_manager.cc(1833)] Create directory failed for path
[0624/154718.907:WARNING:quota_manager.cc(1833)] Create directory failed for path
[0624/154718.907:ERROR:waituntilobserver.cpp(145)] NOT IMPLEMENTED
[0624/154903.059:WARNING:quota_manager.cc(1833)] Create directory failed for path
[0624/154903.060:WARNING:quota_manager.cc(1833)] Create directory failed for path
[0624/154903.061:ERROR:waituntilobserver.cpp(145)] NOT IMPLEMENTED
[0624/154936.896:WARNING:quota_manager.cc(1833)] Create directory failed for path
[0624/154936.897:ERROR:waituntilobserver.cpp(145)] NOT IMPLEMENTED
[0624/155319.145:WARNING:quota_manager.cc(1833)] Create directory failed for path
[0624/155319.146:WARNING:quota_manager.cc(1833)] Create directory failed for path
[0624/155319.146:ERROR:waituntilobserver.cpp(145)] NOT IMPLEMENTED
[0624/155545.230:WARNING:quota_manager.cc(1833)] Create directory failed for path
[0624/155545.231:WARNING:quota_manager.cc(1833)] Create directory failed for path
[0624/155545.231:ERROR:waituntilobserver.cpp(145)] NOT IMPLEMENTED
[0624/155726.773:WARNING:quota_manager.cc(1833)] Create directory failed for path
[0624/155726.773:WARNING:quota_manager.cc(1833)] Create directory failed for path
[0624/155726.773:ERROR:waituntilobserver.cpp(145)] NOT IMPLEMENTED
[0624/155935.241:WARNING:quota_manager.cc(1833)] Create directory failed for path
[0624/155935.243:WARNING:quota_manager.cc(1833)] Create directory failed for path
[0624/155935.243:ERROR:waituntilobserver.cpp(145)] NOT IMPLEMENTED
[0624/160132.039:WARNING:quota_manager.cc(1833)] Create directory failed for path
[0624/160132.039:WARNING:quota_manager.cc(1833)] Create directory failed for path
[0624/160132.039:ERROR:waituntilobserver.cpp(145)] NOT IMPLEMENTED
[0624/160257.122:WARNING:quota_manager.cc(1833)] Create directory failed for path
[0624/160257.123:WARNING:quota_manager.cc(1833)] Create directory failed for path
[0624/160257.543:WARNING:quota_manager.cc(1833)] Create directory failed for path
[0624/160346.399:WARNING:htmlmediaelement.cpp(1954)] currentPlaybackPosition readyState = 4 but no webMeidaPlayer to provide currentPlaybackPosition
[0624/160359.330:WARNING:htmlmediaelement.cpp(1954)] currentPlaybackPosition readyState = 4 but no webMeidaPlayer to provide currentPlaybackPosition
[0624/160438.651:WARNING:htmlmediaelement.cpp(1954)] currentPlaybackPosition readyState = 4 but no webMeidaPlayer to provide currentPlaybackPosition
[0624/160549.157:WARNING:quota_manager.cc(1833)] Create directory failed for path
[0624/160549.158:WARNING:quota_manager.cc(1833)] Create directory failed for path
[0624/160549.329:WARNING:quota_manager.cc(1833)] Create directory failed for path
[0624/160608.962:WARNING:htmlmediaelement.cpp(1954)] currentPlaybackPosition readyState = 4 but no webMeidaPlayer to provide currentPlaybackPosition
[0624/160835.341:WARNING:quota_manager.cc(1833)] Create directory failed for path
[0624/160835.341:WARNING:quota_manager.cc(1833)] Create directory failed for path
[0624/160835.776:WARNING:quota_manager.cc(1833)] Create directory failed for path
[0624/160927.513:WARNING:quota_manager.cc(1833)] Create directory failed for path
[0624/160927.513:WARNING:quota_manager.cc(1833)] Create directory failed for path
[0624/160927.887:WARNING:quota_manager.cc(1833)] Create directory failed for path
[0624/160942.550:WARNING:htmlmediaelement.cpp(1954)] currentPlaybackPosition readyState = 4 but no webMeidaPlayer to provide currentPlaybackPosition
[0624/161630.723:WARNING:quota_manager.cc(1833)] Create directory failed for path
[0624/161630.723:WARNING:quota_manager.cc(1833)] Create directory failed for path
[0624/161631.080:WARNING:quota_manager.cc(1833)] Create directory failed for path
[0624/161917.815:WARNING:quota_manager.cc(1833)] Create directory failed for path
[0624/161917.815:WARNING:quota_manager.cc(1833)] Create directory failed for path
[0624/161917.980:WARNING:quota_manager.cc(1833)] Create directory failed for path
[0624/161940.344:WARNING:htmlmediaelement.cpp(1954)] currentPlaybackPosition readyState = 4 but no webMeidaPlayer to provide currentPlaybackPosition
[0624/162436.787:WARNING:quota_manager.cc(1833)] Create directory failed for path
[0624/162436.787:WARNING:quota_manager.cc(1833)] Create directory failed for path
[0624/162436.859:WARNING:quota_manager.cc(1833)] Create directory failed for path
[0624/162545.921:WARNING:htmlmediaelement.cpp(1954)] currentPlaybackPosition readyState = 4 but no webMeidaPlayer to provide currentPlaybackPosition
[0624/162831.910:WARNING:quota_manager.cc(1833)] Create directory failed for path
[0624/162831.911:WARNING:quota_manager.cc(1833)] Create directory failed for path
[0624/162832.382:WARNING:quota_manager.cc(1833)] Create directory failed for path
[0624/162848.202:WARNING:htmlmediaelement.cpp(1954)] currentPlaybackPosition readyState = 4 but no webMeidaPlayer to provide currentPlaybackPosition
[0624/162923.219:ERROR:audio_output_device.cc(425)] IO loop going away before the audio device has been stopped
[0624/163205.978:WARNING:quota_manager.cc(1833)] Create directory failed for path
[0624/163205.979:WARNING:quota_manager.cc(1833)] Create directory failed for path
[0624/163206.107:WARNING:quota_manager.cc(1833)] Create directory failed for path
[0624/163720.842:WARNING:quota_manager.cc(1833)] Create directory failed for path
[0624/163720.842:WARNING:quota_manager.cc(1833)] Create directory failed for path
[0624/163721.025:WARNING:quota_manager.cc(1833)] Create directory failed for path
[0624/164631.800:WARNING:quota_manager.cc(1833)] Create directory failed for path
[0624/164631.800:WARNING:quota_manager.cc(1833)] Create directory failed for path
[0624/164631.874:WARNING:quota_manager.cc(1833)] Create directory failed for path
[0624/170720.843:WARNING:quota_manager.cc(1833)] Create directory failed for path
[0624/170721.111:WARNING:quota_manager.cc(1833)] Create directory failed for path
[0624/173720.844:WARNING:quota_manager.cc(1833)] Create directory failed for path
[0624/173721.203:WARNING:quota_manager.cc(1833)] Create directory failed for path
[0624/180720.845:WARNING:quota_manager.cc(1833)] Create directory failed for path
[0624/180721.335:WARNING:quota_manager.cc(1833)] Create directory failed for path
[0624/183720.846:WARNING:quota_manager.cc(1833)] Create directory failed for path
[0624/183721.449:WARNING:quota_manager.cc(1833)] Create directory failed for path
[0624/190720.847:WARNING:quota_manager.cc(1833)] Create directory failed for path
[0624/190721.554:WARNING:quota_manager.cc(1833)] Create directory failed for path
[0624/193720.849:WARNING:quota_manager.cc(1833)] Create directory failed for path
[0624/193721.728:WARNING:quota_manager.cc(1833)] Create directory failed for path
[0624/200720.849:WARNING:quota_manager.cc(1833)] Create directory failed for path
[0624/200721.832:WARNING:quota_manager.cc(1833)] Create directory failed for path
[0624/221741.041:WARNING:quota_manager.cc(1833)] Create directory failed for path
[0624/221741.042:WARNING:quota_manager.cc(1833)] Create directory failed for path
[0624/221741.390:WARNING:quota_manager.cc(1833)] Create directory failed for path
[0624/222104.356:WARNING:quota_manager.cc(1833)] Create directory failed for path
[0624/222104.357:WARNING:quota_manager.cc(1833)] Create directory failed for path
[0624/222104.644:WARNING:quota_manager.cc(1833)] Create directory failed for path
[0624/222216.142:ERROR:audio_output_device.cc(425)] IO loop going away before the audio device has been stopped
[0624/222257.221:WARNING:quota_manager.cc(1833)] Create directory failed for path
[0624/222257.222:WARNING:quota_manager.cc(1833)] Create directory failed for path
[0624/222257.526:WARNING:quota_manager.cc(1833)] Create directory failed for path
[0624/222410.357:WARNING:quota_manager.cc(1833)] Create directory failed for path
[0624/222410.358:WARNING:quota_manager.cc(1833)] Create directory failed for path
[0624/222410.620:WARNING:quota_manager.cc(1833)] Create directory failed for path
[0624/222433.237:WARNING:htmlmediaelement.cpp(1954)] currentPlaybackPosition readyState = 4 but no webMeidaPlayer to provide currentPlaybackPosition
[0624/222446.254:WARNING:htmlmediaelement.cpp(1954)] currentPlaybackPosition readyState = 4 but no webMeidaPlayer to provide currentPlaybackPosition
[0624/222835.885:WARNING:htmlmediaelement.cpp(1954)] currentPlaybackPosition readyState = 4 but no webMeidaPlayer to provide currentPlaybackPosition
[0624/223036.724:WARNING:quota_manager.cc(1833)] Create directory failed for path
[0624/223036.725:WARNING:quota_manager.cc(1833)] Create directory failed for path
[0624/223036.793:WARNING:quota_manager.cc(1833)] Create directory failed for path
[0624/223822.466:WARNING:quota_manager.cc(1833)] Create directory failed for path
[0624/223822.466:WARNING:quota_manager.cc(1833)] Create directory failed for path
[0624/223822.630:WARNING:quota_manager.cc(1833)] Create directory failed for path
[0624/224741.043:WARNING:quota_manager.cc(1833)] Create directory failed for path
[0624/224741.491:WARNING:quota_manager.cc(1833)] Create directory failed for path
[0624/224836.319:WARNING:quota_manager.cc(1833)] Create directory failed for path
[0624/224836.319:WARNING:quota_manager.cc(1833)] Create directory failed for path
[0624/224836.499:WARNING:quota_manager.cc(1833)] Create directory failed for path
[0624/224921.692:WARNING:quota_manager.cc(1833)] Create directory failed for path
[0624/224921.693:WARNING:quota_manager.cc(1833)] Create directory failed for path
[0624/224922.165:WARNING:quota_manager.cc(1833)] Create directory failed for path
[0624/225154.192:WARNING:dns_config_service_win.cc(661)] Failed to read DnsConfig.
[0624/225159.202:WARNING:dns_config_service_win.cc(661)] Failed to read DnsConfig.
[0624/225204.217:WARNING:dns_config_service_win.cc(661)] Failed to read DnsConfig.
[0624/225209.229:WARNING:dns_config_service_win.cc(661)] Failed to read DnsConfig.
[0624/225214.237:WARNING:dns_config_service_win.cc(661)] Failed to read DnsConfig.
[0624/225219.247:WARNING:dns_config_service_win.cc(661)] Failed to read DnsConfig.
[0624/225224.255:WARNING:dns_config_service_win.cc(661)] Failed to read DnsConfig.
[0624/225229.264:WARNING:dns_config_service_win.cc(661)] Failed to read DnsConfig.
[0624/225617.771:WARNING:quota_manager.cc(1833)] Create directory failed for path
[0624/225617.771:WARNING:quota_manager.cc(1833)] Create directory failed for path
[0624/225618.028:WARNING:quota_manager.cc(1833)] Create directory failed for path
[0624/225756.920:WARNING:quota_manager.cc(1833)] Create directory failed for path
[0624/225756.921:WARNING:quota_manager.cc(1833)] Create directory failed for path
[0624/225757.179:WARNING:quota_manager.cc(1833)] Create directory failed for path
[0624/231741.045:WARNING:quota_manager.cc(1833)] Create directory failed for path
[0624/231741.611:WARNING:quota_manager.cc(1833)] Create directory failed for path
[0624/233223.626:WARNING:quota_manager.cc(1833)] Create directory failed for path
[0624/233223.627:WARNING:quota_manager.cc(1833)] Create directory failed for path
[0624/233223.818:WARNING:quota_manager.cc(1833)] Create directory failed for path
[0624/233806.761:WARNING:quota_manager.cc(1833)] Create directory failed for path
[0624/233806.762:WARNING:quota_manager.cc(1833)] Create directory failed for path
[0624/233807.100:WARNING:quota_manager.cc(1833)] Create directory failed for path
[0624/234056.673:WARNING:quota_manager.cc(1833)] Create directory failed for path
[0624/234056.674:WARNING:quota_manager.cc(1833)] Create directory failed for path
[0624/234056.875:WARNING:quota_manager.cc(1833)] Create directory failed for path
[0624/234232.685:WARNING:quota_manager.cc(1833)] Create directory failed for path
[0624/234232.685:WARNING:quota_manager.cc(1833)] Create directory failed for path
[0624/234232.883:WARNING:quota_manager.cc(1833)] Create directory failed for path
[0624/234455.623:WARNING:quota_manager.cc(1833)] Create directory failed for path
[0624/234455.623:WARNING:quota_manager.cc(1833)] Create directory failed for path
[0624/234455.806:WARNING:quota_manager.cc(1833)] Create directory failed for path
[0624/234741.046:WARNING:quota_manager.cc(1833)] Create directory failed for path
[0624/234741.729:WARNING:quota_manager.cc(1833)] Create directory failed for path
[0624/235029.638:WARNING:quota_manager.cc(1833)] Create directory failed for path
[0624/235029.638:WARNING:quota_manager.cc(1833)] Create directory failed for path
[0624/235030.033:WARNING:quota_manager.cc(1833)] Create directory failed for path
[0624/235229.434:WARNING:quota_manager.cc(1833)] Create directory failed for path
[0624/235229.435:WARNING:quota_manager.cc(1833)] Create directory failed for path
[0624/235229.710:WARNING:quota_manager.cc(1833)] Create directory failed for path
