[0227/161838:INFO:user_input_monitor_win.cc(168)] RegisterRawInputDevices() failed for RIDEV_REMOVE: The parameter is incorrect. (0x57)
[0227/161842:ERROR:audio_output_device.cc(369)] IO loop going away before the audio device has been stopped
[0227/161842:ERROR:audio_input_device.cc(269)] IO loop going away before the input device has been stopped
[0227/163741.322:ERROR:audio_output_device.cc(425)] IO loop going away before the audio device has been stopped
[0227/163756.015:INFO:user_input_monitor_win.cc(171)] RegisterRawInputDevices() failed for RIDEV_REMOVE: The parameter is incorrect. (0x57)
[0227/163812.534:INFO:user_input_monitor_win.cc(171)] RegisterRawInputDevices() failed for RIDEV_REMOVE: The parameter is incorrect. (0x57)
[0227/163816.970:ERROR:audio_output_device.cc(425)] IO loop going away before the audio device has been stopped
[0227/165104.252:ERROR:audio_output_device.cc(425)] IO loop going away before the audio device has been stopped
[0227/165741.013:ERROR:audio_output_device.cc(425)] IO loop going away before the audio device has been stopped
[0227/170132.406:ERROR:audio_output_device.cc(425)] IO loop going away before the audio device has been stopped
[0227/170431.307:ERROR:audio_output_device.cc(425)] IO loop going away before the audio device has been stopped
[0227/170436.887:ERROR:audio_output_device.cc(425)] IO loop going away before the audio device has been stopped
[0227/170438.201:INFO:user_input_monitor_win.cc(171)] RegisterRawInputDevices() failed for RIDEV_REMOVE: The parameter is incorrect. (0x57)
[0227/170449.972:INFO:user_input_monitor_win.cc(171)] RegisterRawInputDevices() failed for RIDEV_REMOVE: The parameter is incorrect. (0x57)
[0227/170452.622:ERROR:audio_output_device.cc(425)] IO loop going away before the audio device has been stopped
[0227/170453.974:INFO:user_input_monitor_win.cc(171)] RegisterRawInputDevices() failed for RIDEV_REMOVE: The parameter is incorrect. (0x57)
[0227/170505.326:ERROR:audio_output_device.cc(425)] IO loop going away before the audio device has been stopped
[0227/170506.672:INFO:user_input_monitor_win.cc(171)] RegisterRawInputDevices() failed for RIDEV_REMOVE: The parameter is incorrect. (0x57)
[0623/175633.943:WARNING:dns_config_service_win.cc(661)] Failed to read DnsConfig.
[0623/180739.574:WARNING:quota_manager.cc(1833)] Create directory failed for path
[0623/180739.575:WARNING:quota_manager.cc(1833)] Create directory failed for path
[0623/180740.496:WARNING:quota_manager.cc(1833)] Create directory failed for path
[0623/183411.136:WARNING:quota_manager.cc(1833)] Create directory failed for path
[0623/183411.136:WARNING:quota_manager.cc(1833)] Create directory failed for path
[0623/183411.871:WARNING:quota_manager.cc(1833)] Create directory failed for path
[0623/183657.782:WARNING:quota_manager.cc(1833)] Create directory failed for path
[0623/183657.783:WARNING:quota_manager.cc(1833)] Create directory failed for path
[0623/183658.022:WARNING:quota_manager.cc(1833)] Create directory failed for path
[0623/183711.422:WARNING:audio_output_dispatcher_impl.cc(138)] Active proxy streams during shutdown: 1
[0623/183736.134:WARNING:quota_manager.cc(1833)] Create directory failed for path
[0623/183736.135:WARNING:quota_manager.cc(1833)] Create directory failed for path
[0623/183736.288:WARNING:quota_manager.cc(1833)] Create directory failed for path
[0623/183929.481:WARNING:quota_manager.cc(1833)] Create directory failed for path
[0623/183929.482:WARNING:quota_manager.cc(1833)] Create directory failed for path
[0623/183929.485:WARNING:quota_manager.cc(1833)] Create directory failed for path
[0623/183957.893:WARNING:audio_output_dispatcher_impl.cc(138)] Active proxy streams during shutdown: 1
[0623/184143.673:WARNING:quota_manager.cc(1833)] Create directory failed for path
[0623/184143.674:WARNING:quota_manager.cc(1833)] Create directory failed for path
[0623/184144.363:WARNING:quota_manager.cc(1833)] Create directory failed for path
[0623/184210.641:WARNING:audio_output_dispatcher_impl.cc(138)] Active proxy streams during shutdown: 1
[0623/184506.842:WARNING:quota_manager.cc(1833)] Create directory failed for path
[0623/184506.843:WARNING:quota_manager.cc(1833)] Create directory failed for path
[0623/184506.917:WARNING:quota_manager.cc(1833)] Create directory failed for path
[0623/184713.405:WARNING:quota_manager.cc(1833)] Create directory failed for path
[0623/184713.406:WARNING:quota_manager.cc(1833)] Create directory failed for path
[0623/184713.965:WARNING:quota_manager.cc(1833)] Create directory failed for path
[0623/184722.973:WARNING:audio_output_dispatcher_impl.cc(138)] Active proxy streams during shutdown: 1
[0623/185123.845:WARNING:quota_manager.cc(1833)] Create directory failed for path
[0623/185123.846:WARNING:quota_manager.cc(1833)] Create directory failed for path
[0623/185123.894:WARNING:quota_manager.cc(1833)] Create directory failed for path
[0623/185150.099:WARNING:audio_output_dispatcher_impl.cc(138)] Active proxy streams during shutdown: 1
[0623/185311.764:WARNING:quota_manager.cc(1833)] Create directory failed for path
[0623/185311.764:WARNING:quota_manager.cc(1833)] Create directory failed for path
[0623/185312.156:WARNING:quota_manager.cc(1833)] Create directory failed for path
[0623/185341.671:WARNING:audio_output_dispatcher_impl.cc(138)] Active proxy streams during shutdown: 1
[0623/185341.736:WARNING:audio_sync_reader.cc(166)] AudioSyncReader::Read timed out, audio glitch count=1
[0623/185341.765:WARNING:audio_sync_reader.cc(166)] AudioSyncReader::Read timed out, audio glitch count=2
[0623/185341.786:WARNING:audio_sync_reader.cc(166)] AudioSyncReader::Read timed out, audio glitch count=3
[0623/185341.816:WARNING:audio_sync_reader.cc(166)] AudioSyncReader::Read timed out, audio glitch count=4
[0623/185351.679:WARNING:quota_manager.cc(1833)] Create directory failed for path
[0623/185351.680:WARNING:quota_manager.cc(1833)] Create directory failed for path
[0623/185352.344:WARNING:quota_manager.cc(1833)] Create directory failed for path
[0623/185409.135:WARNING:audio_output_dispatcher_impl.cc(138)] Active proxy streams during shutdown: 1
[0623/185534.686:WARNING:quota_manager.cc(1833)] Create directory failed for path
[0623/185534.686:WARNING:quota_manager.cc(1833)] Create directory failed for path
[0623/185535.306:WARNING:quota_manager.cc(1833)] Create directory failed for path
[0623/190048.226:WARNING:quota_manager.cc(1833)] Create directory failed for path
[0623/190048.226:WARNING:quota_manager.cc(1833)] Create directory failed for path
[0623/190048.716:WARNING:quota_manager.cc(1833)] Create directory failed for path
[0623/190242.809:WARNING:quota_manager.cc(1833)] Create directory failed for path
[0623/190242.810:WARNING:quota_manager.cc(1833)] Create directory failed for path
[0623/190243.186:WARNING:quota_manager.cc(1833)] Create directory failed for path
[0623/190556.961:WARNING:quota_manager.cc(1833)] Create directory failed for path
[0623/190556.962:WARNING:quota_manager.cc(1833)] Create directory failed for path
[0623/190557.338:WARNING:quota_manager.cc(1833)] Create directory failed for path
[0623/190727.218:WARNING:quota_manager.cc(1833)] Create directory failed for path
[0623/190727.219:WARNING:quota_manager.cc(1833)] Create directory failed for path
[0623/190727.618:WARNING:quota_manager.cc(1833)] Create directory failed for path
[0623/190946.517:WARNING:quota_manager.cc(1833)] Create directory failed for path
[0623/190946.517:WARNING:quota_manager.cc(1833)] Create directory failed for path
[0623/190946.635:WARNING:quota_manager.cc(1833)] Create directory failed for path
[0623/191342.106:WARNING:quota_manager.cc(1833)] Create directory failed for path
[0623/191342.107:WARNING:quota_manager.cc(1833)] Create directory failed for path
[0623/191342.878:WARNING:quota_manager.cc(1833)] Create directory failed for path
[0623/191504.803:WARNING:htmlmediaelement.cpp(1954)] currentPlaybackPosition readyState = 4 but no webMeidaPlayer to provide currentPlaybackPosition
[0623/191715.506:WARNING:quota_manager.cc(1833)] Create directory failed for path
[0623/191715.506:WARNING:quota_manager.cc(1833)] Create directory failed for path
[0623/191715.543:WARNING:quota_manager.cc(1833)] Create directory failed for path
[0623/192721.522:WARNING:quota_manager.cc(1833)] Create directory failed for path
[0623/192721.522:WARNING:quota_manager.cc(1833)] Create directory failed for path
[0623/192722.001:WARNING:quota_manager.cc(1833)] Create directory failed for path
[0623/192922.354:WARNING:quota_manager.cc(1833)] Create directory failed for path
[0623/193242.013:WARNING:quota_manager.cc(1833)] Create directory failed for path
[0623/193242.013:WARNING:quota_manager.cc(1833)] Create directory failed for path
[0623/193844.566:WARNING:quota_manager.cc(1833)] Create directory failed for path
[0623/193844.567:WARNING:quota_manager.cc(1833)] Create directory failed for path
[0623/193844.654:WARNING:quota_manager.cc(1833)] Create directory failed for path
[0623/194842.464:WARNING:quota_manager.cc(1833)] Create directory failed for path
[0623/194842.465:WARNING:quota_manager.cc(1833)] Create directory failed for path
[0623/194842.859:WARNING:quota_manager.cc(1833)] Create directory failed for path
[0623/195214.689:WARNING:quota_manager.cc(1833)] Create directory failed for path
[0623/195214.690:WARNING:quota_manager.cc(1833)] Create directory failed for path
[0623/195215.046:WARNING:quota_manager.cc(1833)] Create directory failed for path
[0623/195350.249:WARNING:htmlmediaelement.cpp(1954)] currentPlaybackPosition readyState = 4 but no webMeidaPlayer to provide currentPlaybackPosition
[0623/195509.281:WARNING:quota_manager.cc(1833)] Create directory failed for path
[0623/195509.282:WARNING:quota_manager.cc(1833)] Create directory failed for path
[0623/195509.653:WARNING:quota_manager.cc(1833)] Create directory failed for path
[0623/200337.362:WARNING:quota_manager.cc(1833)] Create directory failed for path
[0623/200337.363:WARNING:quota_manager.cc(1833)] Create directory failed for path
[0623/200337.568:WARNING:quota_manager.cc(1833)] Create directory failed for path
[0623/201828.095:WARNING:quota_manager.cc(1833)] Create directory failed for path
[0623/201828.096:WARNING:quota_manager.cc(1833)] Create directory failed for path
[0623/201828.216:WARNING:quota_manager.cc(1833)] Create directory failed for path
[0623/202008.640:WARNING:quota_manager.cc(1833)] Create directory failed for path
[0623/202008.640:WARNING:quota_manager.cc(1833)] Create directory failed for path
[0623/202008.878:WARNING:quota_manager.cc(1833)] Create directory failed for path
[0623/202049.176:WARNING:htmlmediaelement.cpp(1954)] currentPlaybackPosition readyState = 4 but no webMeidaPlayer to provide currentPlaybackPosition
[0623/202112.691:WARNING:htmlmediaelement.cpp(1954)] currentPlaybackPosition readyState = 4 but no webMeidaPlayer to provide currentPlaybackPosition
[0623/203605.249:WARNING:quota_manager.cc(1833)] Create directory failed for path
[0623/203605.249:WARNING:quota_manager.cc(1833)] Create directory failed for path
[0623/203605.354:WARNING:quota_manager.cc(1833)] Create directory failed for path
[0623/203910.486:WARNING:quota_manager.cc(1833)] Create directory failed for path
[0623/203910.487:WARNING:quota_manager.cc(1833)] Create directory failed for path
[0623/203910.487:ERROR:waituntilobserver.cpp(145)] NOT IMPLEMENTED
[0623/204128.499:WARNING:quota_manager.cc(1833)] Create directory failed for path
[0623/204128.499:WARNING:quota_manager.cc(1833)] Create directory failed for path
[0623/204128.499:ERROR:waituntilobserver.cpp(145)] NOT IMPLEMENTED
[0623/204324.442:WARNING:quota_manager.cc(1833)] Create directory failed for path
[0623/204324.443:WARNING:quota_manager.cc(1833)] Create directory failed for path
[0623/204324.443:ERROR:waituntilobserver.cpp(145)] NOT IMPLEMENTED
[0623/204411.833:WARNING:quota_manager.cc(1833)] Create directory failed for path
[0623/204411.834:WARNING:quota_manager.cc(1833)] Create directory failed for path
[0623/204411.834:ERROR:waituntilobserver.cpp(145)] NOT IMPLEMENTED
[0623/204458.306:WARNING:quota_manager.cc(1833)] Create directory failed for path
[0623/204458.306:WARNING:quota_manager.cc(1833)] Create directory failed for path
[0623/204458.306:ERROR:waituntilobserver.cpp(145)] NOT IMPLEMENTED
[0623/204757.009:WARNING:quota_manager.cc(1833)] Create directory failed for path
[0623/204757.010:WARNING:quota_manager.cc(1833)] Create directory failed for path
[0623/204757.010:WARNING:quota_manager.cc(1833)] Create directory failed for path
[0623/204757.011:ERROR:waituntilobserver.cpp(145)] NOT IMPLEMENTED
[0623/205107.672:WARNING:quota_manager.cc(1833)] Create directory failed for path
[0623/205107.672:WARNING:quota_manager.cc(1833)] Create directory failed for path
[0623/205107.672:ERROR:waituntilobserver.cpp(145)] NOT IMPLEMENTED
[0623/205310.471:WARNING:quota_manager.cc(1833)] Create directory failed for path
[0623/205310.471:WARNING:quota_manager.cc(1833)] Create directory failed for path
[0623/205310.471:ERROR:waituntilobserver.cpp(145)] NOT IMPLEMENTED
[0623/205714.117:WARNING:quota_manager.cc(1833)] Create directory failed for path
[0623/205714.117:WARNING:quota_manager.cc(1833)] Create directory failed for path
[0623/205714.118:ERROR:waituntilobserver.cpp(145)] NOT IMPLEMENTED
[0623/210658.070:WARNING:quota_manager.cc(1833)] Create directory failed for path
[0623/210658.070:WARNING:quota_manager.cc(1833)] Create directory failed for path
[0623/210658.071:ERROR:waituntilobserver.cpp(145)] NOT IMPLEMENTED
[0623/211016.199:WARNING:quota_manager.cc(1833)] Create directory failed for path
[0623/211016.200:WARNING:quota_manager.cc(1833)] Create directory failed for path
[0623/211016.200:ERROR:waituntilobserver.cpp(145)] NOT IMPLEMENTED
[0623/211601.931:WARNING:quota_manager.cc(1833)] Create directory failed for path
[0623/211601.931:WARNING:quota_manager.cc(1833)] Create directory failed for path
[0623/211601.932:ERROR:waituntilobserver.cpp(145)] NOT IMPLEMENTED
[0623/212649.399:ERROR:render_media_log.cc(25)] MediaEvent: PIPELINE_ERROR demuxer: could not open
[0623/212649.399:ERROR:render_media_log.cc(25)] MediaEvent: PIPELINE_ERROR demuxer: could not open
[0623/212649.400:ERROR:render_media_log.cc(25)] MediaEvent: PIPELINE_ERROR demuxer: could not open
[0623/212649.400:ERROR:render_media_log.cc(25)] MediaEvent: PIPELINE_ERROR demuxer: could not open
[0623/212649.403:ERROR:render_media_log.cc(25)] MediaEvent: PIPELINE_ERROR demuxer: could not open
[0623/212649.406:ERROR:render_media_log.cc(25)] MediaEvent: PIPELINE_ERROR demuxer: could not open
[0623/213149.790:WARNING:quota_manager.cc(1833)] Create directory failed for path
[0623/213149.791:WARNING:quota_manager.cc(1833)] Create directory failed for path
[0623/213417.684:WARNING:quota_manager.cc(1833)] Create directory failed for path
[0623/213417.685:WARNING:quota_manager.cc(1833)] Create directory failed for path
[0623/213417.685:ERROR:waituntilobserver.cpp(145)] NOT IMPLEMENTED
[0623/213537.603:WARNING:quota_manager.cc(1833)] Create directory failed for path
[0623/213537.604:WARNING:quota_manager.cc(1833)] Create directory failed for path
[0623/213537.604:ERROR:waituntilobserver.cpp(145)] NOT IMPLEMENTED
[0623/213640.164:WARNING:quota_manager.cc(1833)] Create directory failed for path
[0623/213640.164:WARNING:quota_manager.cc(1833)] Create directory failed for path
[0623/213640.164:ERROR:waituntilobserver.cpp(145)] NOT IMPLEMENTED
[0623/214038.376:WARNING:quota_manager.cc(1833)] Create directory failed for path
[0623/214038.377:WARNING:quota_manager.cc(1833)] Create directory failed for path
[0623/214038.377:ERROR:waituntilobserver.cpp(145)] NOT IMPLEMENTED
[0623/214152.356:WARNING:quota_manager.cc(1833)] Create directory failed for path
[0623/214152.357:WARNING:quota_manager.cc(1833)] Create directory failed for path
[0623/214152.357:ERROR:waituntilobserver.cpp(145)] NOT IMPLEMENTED
[0623/214250.660:WARNING:quota_manager.cc(1833)] Create directory failed for path
[0623/214250.660:WARNING:quota_manager.cc(1833)] Create directory failed for path
[0623/214250.660:ERROR:waituntilobserver.cpp(145)] NOT IMPLEMENTED
[0623/214454.361:WARNING:quota_manager.cc(1833)] Create directory failed for path
[0623/214454.361:WARNING:quota_manager.cc(1833)] Create directory failed for path
[0623/214454.361:ERROR:waituntilobserver.cpp(145)] NOT IMPLEMENTED
[0623/214528.792:WARNING:quota_manager.cc(1833)] Create directory failed for path
[0623/214528.792:WARNING:quota_manager.cc(1833)] Create directory failed for path
[0623/214528.793:ERROR:waituntilobserver.cpp(145)] NOT IMPLEMENTED
[0623/215312.431:WARNING:quota_manager.cc(1833)] Create directory failed for path
[0623/215312.432:WARNING:quota_manager.cc(1833)] Create directory failed for path
[0623/215312.432:ERROR:waituntilobserver.cpp(145)] NOT IMPLEMENTED
[0623/215333.077:WARNING:quota_manager.cc(1833)] Create directory failed for path
[0623/215333.078:WARNING:quota_manager.cc(1833)] Create directory failed for path
[0623/215333.078:ERROR:waituntilobserver.cpp(145)] NOT IMPLEMENTED
[0623/215454.451:WARNING:quota_manager.cc(1833)] Create directory failed for path
[0623/215454.451:WARNING:quota_manager.cc(1833)] Create directory failed for path
[0623/215454.451:ERROR:waituntilobserver.cpp(145)] NOT IMPLEMENTED
[0623/215720.747:WARNING:quota_manager.cc(1833)] Create directory failed for path
[0623/215720.747:WARNING:quota_manager.cc(1833)] Create directory failed for path
[0623/215720.748:ERROR:waituntilobserver.cpp(145)] NOT IMPLEMENTED
[0624/144415.764:WARNING:quota_manager.cc(1833)] Create directory failed for path
[0624/144415.765:WARNING:quota_manager.cc(1833)] Create directory failed for path
[0624/144415.765:ERROR:waituntilobserver.cpp(145)] NOT IMPLEMENTED
[0624/144440.581:WARNING:quota_manager.cc(1833)] Create directory failed for path
[0624/144440.581:WARNING:quota_manager.cc(1833)] Create directory failed for path
[0624/144440.582:ERROR:waituntilobserver.cpp(145)] NOT IMPLEMENTED
[0624/144638.302:WARNING:quota_manager.cc(1833)] Create directory failed for path
[0624/144638.302:WARNING:quota_manager.cc(1833)] Create directory failed for path
[0624/144638.302:ERROR:waituntilobserver.cpp(145)] NOT IMPLEMENTED
[0624/145036.882:WARNING:quota_manager.cc(1833)] Create directory failed for path
[0624/145036.883:WARNING:quota_manager.cc(1833)] Create directory failed for path
[0624/145036.883:ERROR:waituntilobserver.cpp(145)] NOT IMPLEMENTED
[0624/145729.954:WARNING:quota_manager.cc(1833)] Create directory failed for path
[0624/145729.955:WARNING:quota_manager.cc(1833)] Create directory failed for path
[0624/145729.955:ERROR:waituntilobserver.cpp(145)] NOT IMPLEMENTED
[0624/145848.735:WARNING:quota_manager.cc(1833)] Create directory failed for path
[0624/145848.736:WARNING:quota_manager.cc(1833)] Create directory failed for path
[0624/145848.736:ERROR:waituntilobserver.cpp(145)] NOT IMPLEMENTED
[0624/150114.771:WARNING:quota_manager.cc(1833)] Create directory failed for path
[0624/150114.772:WARNING:quota_manager.cc(1833)] Create directory failed for path
[0624/150114.772:ERROR:waituntilobserver.cpp(145)] NOT IMPLEMENTED
[0624/151342.268:WARNING:quota_manager.cc(1833)] Create directory failed for path
[0624/151342.269:WARNING:quota_manager.cc(1833)] Create directory failed for path
[0624/151342.446:WARNING:quota_manager.cc(1833)] Create directory failed for path
[0624/151641.566:WARNING:spdy_session.cc(2224)] Received HEADERS for invalid stream 153
[0624/151657.076:WARNING:htmlmediaelement.cpp(1954)] currentPlaybackPosition readyState = 4 but no webMeidaPlayer to provide currentPlaybackPosition
[0624/151925.157:WARNING:quota_manager.cc(1833)] Create directory failed for path
[0624/151925.157:WARNING:quota_manager.cc(1833)] Create directory failed for path
[0624/151925.157:ERROR:waituntilobserver.cpp(145)] NOT IMPLEMENTED
[0624/152015.179:WARNING:quota_manager.cc(1833)] Create directory failed for path
[0624/152015.179:WARNING:quota_manager.cc(1833)] Create directory failed for path
[0624/152015.179:ERROR:waituntilobserver.cpp(145)] NOT IMPLEMENTED
[0624/152116.808:WARNING:quota_manager.cc(1833)] Create directory failed for path
[0624/152116.808:WARNING:quota_manager.cc(1833)] Create directory failed for path
[0624/152116.808:ERROR:waituntilobserver.cpp(145)] NOT IMPLEMENTED
[0624/152401.762:WARNING:quota_manager.cc(1833)] Create directory failed for path
[0624/152401.763:WARNING:quota_manager.cc(1833)] Create directory failed for path
[0624/152401.763:ERROR:waituntilobserver.cpp(145)] NOT IMPLEMENTED
[0624/153020.887:WARNING:quota_manager.cc(1833)] Create directory failed for path
[0624/153020.888:WARNING:quota_manager.cc(1833)] Create directory failed for path
[0624/153020.888:ERROR:waituntilobserver.cpp(145)] NOT IMPLEMENTED
[0624/153204.170:WARNING:quota_manager.cc(1833)] Create directory failed for path
[0624/153204.171:WARNING:quota_manager.cc(1833)] Create directory failed for path
[0624/153204.171:ERROR:waituntilobserver.cpp(145)] NOT IMPLEMENTED
[0624/153406.396:WARNING:quota_manager.cc(1833)] Create directory failed for path
[0624/153406.397:WARNING:quota_manager.cc(1833)] Create directory failed for path
[0624/153406.397:ERROR:waituntilobserver.cpp(145)] NOT IMPLEMENTED
[0624/153632.513:WARNING:quota_manager.cc(1833)] Create directory failed for path
[0624/153632.514:WARNING:quota_manager.cc(1833)] Create directory failed for path
[0624/153632.514:ERROR:waituntilobserver.cpp(145)] NOT IMPLEMENTED
[0624/153702.473:WARNING:quota_manager.cc(1833)] Create directory failed for path
[0624/153702.474:WARNING:quota_manager.cc(1833)] Create directory failed for path
[0624/153702.474:ERROR:waituntilobserver.cpp(145)] NOT IMPLEMENTED
[0624/153837.213:WARNING:quota_manager.cc(1833)] Create directory failed for path
[0624/153837.214:WARNING:quota_manager.cc(1833)] Create directory failed for path
[0624/153837.214:ERROR:waituntilobserver.cpp(145)] NOT IMPLEMENTED
[0624/153852.707:WARNING:quota_manager.cc(1833)] Create directory failed for path
[0624/153852.707:WARNING:quota_manager.cc(1833)] Create directory failed for path
[0624/153852.707:ERROR:waituntilobserver.cpp(145)] NOT IMPLEMENTED
[0624/153904.471:WARNING:quota_manager.cc(1833)] Create directory failed for path
[0624/153904.471:ERROR:waituntilobserver.cpp(145)] NOT IMPLEMENTED
[0624/153937.256:WARNING:quota_manager.cc(1833)] Create directory failed for path
[0624/153937.257:ERROR:waituntilobserver.cpp(145)] NOT IMPLEMENTED
[0624/154105.239:WARNING:quota_manager.cc(1833)] Create directory failed for path
[0624/154105.239:WARNING:quota_manager.cc(1833)] Create directory failed for path
[0624/154105.306:WARNING:quota_manager.cc(1833)] Create directory failed for path
[0624/154123.258:WARNING:htmlmediaelement.cpp(1954)] currentPlaybackPosition readyState = 4 but no webMeidaPlayer to provide currentPlaybackPosition
[0624/154325.890:WARNING:quota_manager.cc(1833)] Create directory failed for path
[0624/154325.891:WARNING:quota_manager.cc(1833)] Create directory failed for path
[0624/154325.891:ERROR:waituntilobserver.cpp(145)] NOT IMPLEMENTED
[0624/154718.906:WARNING:quota_manager.cc(1833)] Create directory failed for path
[0624/154718.907:WARNING:quota_manager.cc(1833)] Create directory failed for path
[0624/154718.907:ERROR:waituntilobserver.cpp(145)] NOT IMPLEMENTED
[0624/154903.059:WARNING:quota_manager.cc(1833)] Create directory failed for path
[0624/154903.060:WARNING:quota_manager.cc(1833)] Create directory failed for path
[0624/154903.061:ERROR:waituntilobserver.cpp(145)] NOT IMPLEMENTED
[0624/154936.896:WARNING:quota_manager.cc(1833)] Create directory failed for path
[0624/154936.897:ERROR:waituntilobserver.cpp(145)] NOT IMPLEMENTED
[0624/155319.145:WARNING:quota_manager.cc(1833)] Create directory failed for path
[0624/155319.146:WARNING:quota_manager.cc(1833)] Create directory failed for path
[0624/155319.146:ERROR:waituntilobserver.cpp(145)] NOT IMPLEMENTED
[0624/155545.230:WARNING:quota_manager.cc(1833)] Create directory failed for path
[0624/155545.231:WARNING:quota_manager.cc(1833)] Create directory failed for path
[0624/155545.231:ERROR:waituntilobserver.cpp(145)] NOT IMPLEMENTED
[0624/155726.773:WARNING:quota_manager.cc(1833)] Create directory failed for path
[0624/155726.773:WARNING:quota_manager.cc(1833)] Create directory failed for path
[0624/155726.773:ERROR:waituntilobserver.cpp(145)] NOT IMPLEMENTED
[0624/155935.241:WARNING:quota_manager.cc(1833)] Create directory failed for path
[0624/155935.243:WARNING:quota_manager.cc(1833)] Create directory failed for path
[0624/155935.243:ERROR:waituntilobserver.cpp(145)] NOT IMPLEMENTED
[0624/160132.039:WARNING:quota_manager.cc(1833)] Create directory failed for path
[0624/160132.039:WARNING:quota_manager.cc(1833)] Create directory failed for path
[0624/160132.039:ERROR:waituntilobserver.cpp(145)] NOT IMPLEMENTED
[0624/160257.122:WARNING:quota_manager.cc(1833)] Create directory failed for path
[0624/160257.123:WARNING:quota_manager.cc(1833)] Create directory failed for path
[0624/160257.543:WARNING:quota_manager.cc(1833)] Create directory failed for path
[0624/160346.399:WARNING:htmlmediaelement.cpp(1954)] currentPlaybackPosition readyState = 4 but no webMeidaPlayer to provide currentPlaybackPosition
[0624/160359.330:WARNING:htmlmediaelement.cpp(1954)] currentPlaybackPosition readyState = 4 but no webMeidaPlayer to provide currentPlaybackPosition
[0624/160438.651:WARNING:htmlmediaelement.cpp(1954)] currentPlaybackPosition readyState = 4 but no webMeidaPlayer to provide currentPlaybackPosition
[0624/160549.157:WARNING:quota_manager.cc(1833)] Create directory failed for path
[0624/160549.158:WARNING:quota_manager.cc(1833)] Create directory failed for path
[0624/160549.329:WARNING:quota_manager.cc(1833)] Create directory failed for path
[0624/160608.962:WARNING:htmlmediaelement.cpp(1954)] currentPlaybackPosition readyState = 4 but no webMeidaPlayer to provide currentPlaybackPosition
[0624/160835.341:WARNING:quota_manager.cc(1833)] Create directory failed for path
[0624/160835.341:WARNING:quota_manager.cc(1833)] Create directory failed for path
[0624/160835.776:WARNING:quota_manager.cc(1833)] Create directory failed for path
[0624/160927.513:WARNING:quota_manager.cc(1833)] Create directory failed for path
[0624/160927.513:WARNING:quota_manager.cc(1833)] Create directory failed for path
[0624/160927.887:WARNING:quota_manager.cc(1833)] Create directory failed for path
[0624/160942.550:WARNING:htmlmediaelement.cpp(1954)] currentPlaybackPosition readyState = 4 but no webMeidaPlayer to provide currentPlaybackPosition
[0624/161630.723:WARNING:quota_manager.cc(1833)] Create directory failed for path
[0624/161630.723:WARNING:quota_manager.cc(1833)] Create directory failed for path
[0624/161631.080:WARNING:quota_manager.cc(1833)] Create directory failed for path
[0624/161917.815:WARNING:quota_manager.cc(1833)] Create directory failed for path
[0624/161917.815:WARNING:quota_manager.cc(1833)] Create directory failed for path
[0624/161917.980:WARNING:quota_manager.cc(1833)] Create directory failed for path
[0624/161940.344:WARNING:htmlmediaelement.cpp(1954)] currentPlaybackPosition readyState = 4 but no webMeidaPlayer to provide currentPlaybackPosition
[0624/162436.787:WARNING:quota_manager.cc(1833)] Create directory failed for path
[0624/162436.787:WARNING:quota_manager.cc(1833)] Create directory failed for path
[0624/162436.859:WARNING:quota_manager.cc(1833)] Create directory failed for path
[0624/162545.921:WARNING:htmlmediaelement.cpp(1954)] currentPlaybackPosition readyState = 4 but no webMeidaPlayer to provide currentPlaybackPosition
[0624/162831.910:WARNING:quota_manager.cc(1833)] Create directory failed for path
[0624/162831.911:WARNING:quota_manager.cc(1833)] Create directory failed for path
[0624/162832.382:WARNING:quota_manager.cc(1833)] Create directory failed for path
[0624/162848.202:WARNING:htmlmediaelement.cpp(1954)] currentPlaybackPosition readyState = 4 but no webMeidaPlayer to provide currentPlaybackPosition
[0624/162923.219:ERROR:audio_output_device.cc(425)] IO loop going away before the audio device has been stopped
[0624/163205.978:WARNING:quota_manager.cc(1833)] Create directory failed for path
[0624/163205.979:WARNING:quota_manager.cc(1833)] Create directory failed for path
[0624/163206.107:WARNING:quota_manager.cc(1833)] Create directory failed for path
[0624/163720.842:WARNING:quota_manager.cc(1833)] Create directory failed for path
[0624/163720.842:WARNING:quota_manager.cc(1833)] Create directory failed for path
[0624/163721.025:WARNING:quota_manager.cc(1833)] Create directory failed for path
[0624/164631.800:WARNING:quota_manager.cc(1833)] Create directory failed for path
[0624/164631.800:WARNING:quota_manager.cc(1833)] Create directory failed for path
[0624/164631.874:WARNING:quota_manager.cc(1833)] Create directory failed for path
[0624/170720.843:WARNING:quota_manager.cc(1833)] Create directory failed for path
[0624/170721.111:WARNING:quota_manager.cc(1833)] Create directory failed for path
[0624/173720.844:WARNING:quota_manager.cc(1833)] Create directory failed for path
[0624/173721.203:WARNING:quota_manager.cc(1833)] Create directory failed for path
[0624/180720.845:WARNING:quota_manager.cc(1833)] Create directory failed for path
[0624/180721.335:WARNING:quota_manager.cc(1833)] Create directory failed for path
[0624/183720.846:WARNING:quota_manager.cc(1833)] Create directory failed for path
[0624/183721.449:WARNING:quota_manager.cc(1833)] Create directory failed for path
[0624/190720.847:WARNING:quota_manager.cc(1833)] Create directory failed for path
[0624/190721.554:WARNING:quota_manager.cc(1833)] Create directory failed for path
[0624/193720.849:WARNING:quota_manager.cc(1833)] Create directory failed for path
[0624/193721.728:WARNING:quota_manager.cc(1833)] Create directory failed for path
[0624/200720.849:WARNING:quota_manager.cc(1833)] Create directory failed for path
[0624/200721.832:WARNING:quota_manager.cc(1833)] Create directory failed for path
[0624/221741.041:WARNING:quota_manager.cc(1833)] Create directory failed for path
[0624/221741.042:WARNING:quota_manager.cc(1833)] Create directory failed for path
[0624/221741.390:WARNING:quota_manager.cc(1833)] Create directory failed for path
[0624/222104.356:WARNING:quota_manager.cc(1833)] Create directory failed for path
[0624/222104.357:WARNING:quota_manager.cc(1833)] Create directory failed for path
[0624/222104.644:WARNING:quota_manager.cc(1833)] Create directory failed for path
[0624/222216.142:ERROR:audio_output_device.cc(425)] IO loop going away before the audio device has been stopped
[0624/222257.221:WARNING:quota_manager.cc(1833)] Create directory failed for path
[0624/222257.222:WARNING:quota_manager.cc(1833)] Create directory failed for path
[0624/222257.526:WARNING:quota_manager.cc(1833)] Create directory failed for path
[0624/222410.357:WARNING:quota_manager.cc(1833)] Create directory failed for path
[0624/222410.358:WARNING:quota_manager.cc(1833)] Create directory failed for path
[0624/222410.620:WARNING:quota_manager.cc(1833)] Create directory failed for path
[0624/222433.237:WARNING:htmlmediaelement.cpp(1954)] currentPlaybackPosition readyState = 4 but no webMeidaPlayer to provide currentPlaybackPosition
[0624/222446.254:WARNING:htmlmediaelement.cpp(1954)] currentPlaybackPosition readyState = 4 but no webMeidaPlayer to provide currentPlaybackPosition
[0624/222835.885:WARNING:htmlmediaelement.cpp(1954)] currentPlaybackPosition readyState = 4 but no webMeidaPlayer to provide currentPlaybackPosition
[0624/223036.724:WARNING:quota_manager.cc(1833)] Create directory failed for path
[0624/223036.725:WARNING:quota_manager.cc(1833)] Create directory failed for path
[0624/223036.793:WARNING:quota_manager.cc(1833)] Create directory failed for path
[0624/223822.466:WARNING:quota_manager.cc(1833)] Create directory failed for path
[0624/223822.466:WARNING:quota_manager.cc(1833)] Create directory failed for path
[0624/223822.630:WARNING:quota_manager.cc(1833)] Create directory failed for path
[0624/224741.043:WARNING:quota_manager.cc(1833)] Create directory failed for path
[0624/224741.491:WARNING:quota_manager.cc(1833)] Create directory failed for path
[0624/224836.319:WARNING:quota_manager.cc(1833)] Create directory failed for path
[0624/224836.319:WARNING:quota_manager.cc(1833)] Create directory failed for path
[0624/224836.499:WARNING:quota_manager.cc(1833)] Create directory failed for path
[0624/224921.692:WARNING:quota_manager.cc(1833)] Create directory failed for path
[0624/224921.693:WARNING:quota_manager.cc(1833)] Create directory failed for path
[0624/224922.165:WARNING:quota_manager.cc(1833)] Create directory failed for path
[0624/225154.192:WARNING:dns_config_service_win.cc(661)] Failed to read DnsConfig.
[0624/225159.202:WARNING:dns_config_service_win.cc(661)] Failed to read DnsConfig.
[0624/225204.217:WARNING:dns_config_service_win.cc(661)] Failed to read DnsConfig.
[0624/225209.229:WARNING:dns_config_service_win.cc(661)] Failed to read DnsConfig.
[0624/225214.237:WARNING:dns_config_service_win.cc(661)] Failed to read DnsConfig.
[0624/225219.247:WARNING:dns_config_service_win.cc(661)] Failed to read DnsConfig.
[0624/225224.255:WARNING:dns_config_service_win.cc(661)] Failed to read DnsConfig.
[0624/225229.264:WARNING:dns_config_service_win.cc(661)] Failed to read DnsConfig.
[0624/225617.771:WARNING:quota_manager.cc(1833)] Create directory failed for path
[0624/225617.771:WARNING:quota_manager.cc(1833)] Create directory failed for path
[0624/225618.028:WARNING:quota_manager.cc(1833)] Create directory failed for path
[0624/225756.920:WARNING:quota_manager.cc(1833)] Create directory failed for path
[0624/225756.921:WARNING:quota_manager.cc(1833)] Create directory failed for path
[0624/225757.179:WARNING:quota_manager.cc(1833)] Create directory failed for path
[0624/231741.045:WARNING:quota_manager.cc(1833)] Create directory failed for path
[0624/231741.611:WARNING:quota_manager.cc(1833)] Create directory failed for path
[0624/233223.626:WARNING:quota_manager.cc(1833)] Create directory failed for path
[0624/233223.627:WARNING:quota_manager.cc(1833)] Create directory failed for path
[0624/233223.818:WARNING:quota_manager.cc(1833)] Create directory failed for path
[0624/233806.761:WARNING:quota_manager.cc(1833)] Create directory failed for path
[0624/233806.762:WARNING:quota_manager.cc(1833)] Create directory failed for path
[0624/233807.100:WARNING:quota_manager.cc(1833)] Create directory failed for path
[0624/234056.673:WARNING:quota_manager.cc(1833)] Create directory failed for path
[0624/234056.674:WARNING:quota_manager.cc(1833)] Create directory failed for path
[0624/234056.875:WARNING:quota_manager.cc(1833)] Create directory failed for path
[0624/234232.685:WARNING:quota_manager.cc(1833)] Create directory failed for path
[0624/234232.685:WARNING:quota_manager.cc(1833)] Create directory failed for path
[0624/234232.883:WARNING:quota_manager.cc(1833)] Create directory failed for path
[0624/234455.623:WARNING:quota_manager.cc(1833)] Create directory failed for path
[0624/234455.623:WARNING:quota_manager.cc(1833)] Create directory failed for path
[0624/234455.806:WARNING:quota_manager.cc(1833)] Create directory failed for path
[0624/234741.046:WARNING:quota_manager.cc(1833)] Create directory failed for path
[0624/234741.729:WARNING:quota_manager.cc(1833)] Create directory failed for path
[0624/235029.638:WARNING:quota_manager.cc(1833)] Create directory failed for path
[0624/235029.638:WARNING:quota_manager.cc(1833)] Create directory failed for path
[0624/235030.033:WARNING:quota_manager.cc(1833)] Create directory failed for path
[0625/000243.470:WARNING:quota_manager.cc(1833)] Create directory failed for path
[0625/000243.470:WARNING:quota_manager.cc(1833)] Create directory failed for path
[0625/000243.694:WARNING:quota_manager.cc(1833)] Create directory failed for path
[0625/001058.897:WARNING:quota_manager.cc(1833)] Create directory failed for path
[0625/001058.898:WARNING:quota_manager.cc(1833)] Create directory failed for path
[0625/001059.187:WARNING:quota_manager.cc(1833)] Create directory failed for path
[0625/001443.979:WARNING:quota_manager.cc(1833)] Create directory failed for path
[0625/001443.980:WARNING:quota_manager.cc(1833)] Create directory failed for path
[0625/001444.310:WARNING:quota_manager.cc(1833)] Create directory failed for path
[0625/001741.048:WARNING:quota_manager.cc(1833)] Create directory failed for path
[0625/001741.838:WARNING:quota_manager.cc(1833)] Create directory failed for path
[0625/001851.796:WARNING:quota_manager.cc(1833)] Create directory failed for path
[0625/001851.797:WARNING:quota_manager.cc(1833)] Create directory failed for path
[0625/001852.070:WARNING:quota_manager.cc(1833)] Create directory failed for path
[0625/002212.813:WARNING:quota_manager.cc(1833)] Create directory failed for path
[0625/002212.814:WARNING:quota_manager.cc(1833)] Create directory failed for path
[0625/002213.132:WARNING:quota_manager.cc(1833)] Create directory failed for path
[0625/004741.050:WARNING:quota_manager.cc(1833)] Create directory failed for path
[0625/004741.945:WARNING:quota_manager.cc(1833)] Create directory failed for path
[0625/011741.052:WARNING:quota_manager.cc(1833)] Create directory failed for path
[0625/011742.057:WARNING:quota_manager.cc(1833)] Create directory failed for path
[0629/185638.044:WARNING:quota_manager.cc(1833)] Create directory failed for path
[0629/185638.045:WARNING:quota_manager.cc(1833)] Create directory failed for path
[0629/185638.266:WARNING:quota_manager.cc(1833)] Create directory failed for path
[0629/190058.061:WARNING:quota_manager.cc(1833)] Create directory failed for path
[0629/190058.061:WARNING:quota_manager.cc(1833)] Create directory failed for path
[0629/190058.237:WARNING:quota_manager.cc(1833)] Create directory failed for path
[0629/190126.099:WARNING:audio_output_dispatcher_impl.cc(138)] Active proxy streams during shutdown: 1
[0629/190144.480:WARNING:quota_manager.cc(1833)] Create directory failed for path
[0629/190144.481:WARNING:quota_manager.cc(1833)] Create directory failed for path
[0629/190144.704:WARNING:quota_manager.cc(1833)] Create directory failed for path
[0629/190533.376:WARNING:quota_manager.cc(1833)] Create directory failed for path
[0629/190533.376:WARNING:quota_manager.cc(1833)] Create directory failed for path
[0629/190533.888:WARNING:quota_manager.cc(1833)] Create directory failed for path
[0629/190602.530:WARNING:audio_output_dispatcher_impl.cc(138)] Active proxy streams during shutdown: 1
[0629/190614.726:WARNING:quota_manager.cc(1833)] Create directory failed for path
[0629/190614.726:WARNING:quota_manager.cc(1833)] Create directory failed for path
[0629/190615.297:WARNING:quota_manager.cc(1833)] Create directory failed for path
[0629/190629.046:WARNING:audio_output_dispatcher_impl.cc(138)] Active proxy streams during shutdown: 1
[0629/190629.116:WARNING:audio_sync_reader.cc(166)] AudioSyncReader::Read timed out, audio glitch count=1
[0629/190630.579:WARNING:audio_sync_reader.cc(166)] AudioSyncReader::Read timed out, audio glitch count=2
[0629/190700.165:WARNING:quota_manager.cc(1833)] Create directory failed for path
[0629/190700.165:WARNING:quota_manager.cc(1833)] Create directory failed for path
[0629/190700.838:WARNING:quota_manager.cc(1833)] Create directory failed for path
[0629/190746.450:WARNING:quota_manager.cc(1833)] Create directory failed for path
[0629/190746.450:WARNING:quota_manager.cc(1833)] Create directory failed for path
[0629/190746.472:WARNING:quota_manager.cc(1833)] Create directory failed for path
[0629/190928.637:WARNING:quota_manager.cc(1833)] Create directory failed for path
[0629/190928.637:WARNING:quota_manager.cc(1833)] Create directory failed for path
[0629/190929.079:WARNING:quota_manager.cc(1833)] Create directory failed for path
[0629/191159.755:WARNING:quota_manager.cc(1833)] Create directory failed for path
[0629/191159.756:WARNING:quota_manager.cc(1833)] Create directory failed for path
[0629/191159.814:WARNING:quota_manager.cc(1833)] Create directory failed for path
[0629/191643.546:WARNING:quota_manager.cc(1833)] Create directory failed for path
[0629/191643.547:WARNING:quota_manager.cc(1833)] Create directory failed for path
[0629/191644.089:WARNING:quota_manager.cc(1833)] Create directory failed for path
[0629/191833.009:WARNING:quota_manager.cc(1833)] Create directory failed for path
[0629/191833.009:WARNING:quota_manager.cc(1833)] Create directory failed for path
[0629/191833.503:WARNING:quota_manager.cc(1833)] Create directory failed for path
[0629/192244.779:WARNING:quota_manager.cc(1833)] Create directory failed for path
[0629/192244.779:WARNING:quota_manager.cc(1833)] Create directory failed for path
[0629/192245.039:WARNING:quota_manager.cc(1833)] Create directory failed for path
[0629/192450.809:WARNING:quota_manager.cc(1833)] Create directory failed for path
[0629/192450.809:WARNING:quota_manager.cc(1833)] Create directory failed for path
[0629/192451.034:WARNING:quota_manager.cc(1833)] Create directory failed for path
[0629/192639.897:WARNING:quota_manager.cc(1833)] Create directory failed for path
[0629/192639.898:WARNING:quota_manager.cc(1833)] Create directory failed for path
[0629/192639.975:WARNING:quota_manager.cc(1833)] Create directory failed for path
[0629/192645.892:WARNING:audio_output_dispatcher_impl.cc(138)] Active proxy streams during shutdown: 1
[0629/192934.625:WARNING:quota_manager.cc(1833)] Create directory failed for path
[0629/192934.625:WARNING:quota_manager.cc(1833)] Create directory failed for path
[0629/192934.906:WARNING:quota_manager.cc(1833)] Create directory failed for path
[0629/193124.355:WARNING:quota_manager.cc(1833)] Create directory failed for path
[0629/193124.356:WARNING:quota_manager.cc(1833)] Create directory failed for path
[0629/193124.888:WARNING:quota_manager.cc(1833)] Create directory failed for path
[0629/193408.676:WARNING:quota_manager.cc(1833)] Create directory failed for path
[0629/193408.677:WARNING:quota_manager.cc(1833)] Create directory failed for path
[0629/193408.919:WARNING:quota_manager.cc(1833)] Create directory failed for path
[0629/193554.151:WARNING:quota_manager.cc(1833)] Create directory failed for path
[0629/193554.152:WARNING:quota_manager.cc(1833)] Create directory failed for path
[0629/193554.348:WARNING:quota_manager.cc(1833)] Create directory failed for path
[0629/193608.836:WARNING:audio_output_dispatcher_impl.cc(138)] Active proxy streams during shutdown: 1
[0629/193708.015:WARNING:quota_manager.cc(1833)] Create directory failed for path
[0629/193708.016:WARNING:quota_manager.cc(1833)] Create directory failed for path
[0629/193708.302:WARNING:quota_manager.cc(1833)] Create directory failed for path
[0629/193727.341:WARNING:audio_output_dispatcher_impl.cc(138)] Active proxy streams during shutdown: 1
[0629/193823.627:WARNING:quota_manager.cc(1833)] Create directory failed for path
[0629/193823.627:WARNING:quota_manager.cc(1833)] Create directory failed for path
[0629/193823.840:WARNING:quota_manager.cc(1833)] Create directory failed for path
[0629/193954.526:WARNING:quota_manager.cc(1833)] Create directory failed for path
[0629/193954.526:WARNING:quota_manager.cc(1833)] Create directory failed for path
[0629/193954.773:WARNING:quota_manager.cc(1833)] Create directory failed for path
[0629/194021.380:WARNING:audio_output_dispatcher_impl.cc(138)] Active proxy streams during shutdown: 1
[0629/195226.153:WARNING:quota_manager.cc(1833)] Create directory failed for path
[0629/195226.153:WARNING:quota_manager.cc(1833)] Create directory failed for path
[0629/195226.457:WARNING:quota_manager.cc(1833)] Create directory failed for path
[0629/195231.295:WARNING:audio_output_dispatcher_impl.cc(138)] Active proxy streams during shutdown: 1
[0629/195317.188:WARNING:quota_manager.cc(1833)] Create directory failed for path
[0629/195317.188:WARNING:quota_manager.cc(1833)] Create directory failed for path
[0629/195317.604:WARNING:quota_manager.cc(1833)] Create directory failed for path
[0629/195422.489:WARNING:quota_manager.cc(1833)] Create directory failed for path
[0629/195422.490:WARNING:quota_manager.cc(1833)] Create directory failed for path
[0629/195422.938:WARNING:quota_manager.cc(1833)] Create directory failed for path
[0629/201022.538:WARNING:quota_manager.cc(1833)] Create directory failed for path
[0629/201022.539:WARNING:quota_manager.cc(1833)] Create directory failed for path
[0629/201022.722:WARNING:quota_manager.cc(1833)] Create directory failed for path
[0629/201023.795:WARNING:audio_output_dispatcher_impl.cc(138)] Active proxy streams during shutdown: 1
[0629/201047.895:WARNING:quota_manager.cc(1833)] Create directory failed for path
[0629/201047.896:WARNING:quota_manager.cc(1833)] Create directory failed for path
[0629/201048.376:WARNING:quota_manager.cc(1833)] Create directory failed for path
[0629/201327.575:WARNING:quota_manager.cc(1833)] Create directory failed for path
[0629/201327.576:WARNING:quota_manager.cc(1833)] Create directory failed for path
[0629/201328.338:WARNING:quota_manager.cc(1833)] Create directory failed for path
[0629/201347.492:WARNING:audio_output_dispatcher_impl.cc(138)] Active proxy streams during shutdown: 1
[0629/201403.192:WARNING:quota_manager.cc(1833)] Create directory failed for path
[0629/201403.192:WARNING:quota_manager.cc(1833)] Create directory failed for path
[0629/201403.938:WARNING:quota_manager.cc(1833)] Create directory failed for path
[0629/201508.076:WARNING:htmlmediaelement.cpp(1954)] currentPlaybackPosition readyState = 4 but no webMeidaPlayer to provide currentPlaybackPosition
[0629/201843.301:WARNING:quota_manager.cc(1833)] Create directory failed for path
[0629/201843.301:WARNING:quota_manager.cc(1833)] Create directory failed for path
[0629/201843.642:WARNING:quota_manager.cc(1833)] Create directory failed for path
[0629/201957.170:WARNING:quota_manager.cc(1833)] Create directory failed for path
[0629/201957.171:WARNING:quota_manager.cc(1833)] Create directory failed for path
[0629/201957.844:WARNING:quota_manager.cc(1833)] Create directory failed for path
[0629/202346.394:WARNING:quota_manager.cc(1833)] Create directory failed for path
[0629/202346.396:WARNING:quota_manager.cc(1833)] Create directory failed for path
[0629/202346.695:WARNING:quota_manager.cc(1833)] Create directory failed for path
[0629/202622.002:WARNING:quota_manager.cc(1833)] Create directory failed for path
[0629/202622.002:WARNING:quota_manager.cc(1833)] Create directory failed for path
[0629/202622.497:WARNING:quota_manager.cc(1833)] Create directory failed for path
[0629/202802.313:WARNING:quota_manager.cc(1833)] Create directory failed for path
[0629/202802.314:WARNING:quota_manager.cc(1833)] Create directory failed for path
[0629/202802.340:WARNING:quota_manager.cc(1833)] Create directory failed for path
[0629/202824.121:WARNING:audio_output_dispatcher_impl.cc(138)] Active proxy streams during shutdown: 1
[0629/205803.617:WARNING:quota_manager.cc(1833)] Create directory failed for path
[0629/205803.617:WARNING:quota_manager.cc(1833)] Create directory failed for path
[0629/205804.175:WARNING:quota_manager.cc(1833)] Create directory failed for path
[0629/210227.792:WARNING:quota_manager.cc(1833)] Create directory failed for path
[0629/210227.793:WARNING:quota_manager.cc(1833)] Create directory failed for path
[0629/210228.507:WARNING:quota_manager.cc(1833)] Create directory failed for path
[0629/210250.833:WARNING:audio_output_dispatcher_impl.cc(138)] Active proxy streams during shutdown: 1
[0629/210309.289:WARNING:quota_manager.cc(1833)] Create directory failed for path
[0629/210309.290:WARNING:quota_manager.cc(1833)] Create directory failed for path
[0629/210309.489:WARNING:quota_manager.cc(1833)] Create directory failed for path
[0629/210403.689:WARNING:quota_manager.cc(1833)] Create directory failed for path
[0629/210618.287:WARNING:quota_manager.cc(1833)] Create directory failed for path
[0629/210618.288:WARNING:quota_manager.cc(1833)] Create directory failed for path
[0629/210618.856:WARNING:quota_manager.cc(1833)] Create directory failed for path
[0629/210648.141:WARNING:audio_output_dispatcher_impl.cc(138)] Active proxy streams during shutdown: 1
[0629/210648.211:WARNING:audio_sync_reader.cc(166)] AudioSyncReader::Read timed out, audio glitch count=1
[0629/210648.245:WARNING:audio_sync_reader.cc(166)] AudioSyncReader::Read timed out, audio glitch count=2
[0629/210648.272:WARNING:audio_sync_reader.cc(166)] AudioSyncReader::Read timed out, audio glitch count=3
[0629/210648.302:WARNING:audio_sync_reader.cc(166)] AudioSyncReader::Read timed out, audio glitch count=4
[0629/210648.331:WARNING:audio_sync_reader.cc(166)] AudioSyncReader::Read timed out, audio glitch count=5
[0629/210650.277:WARNING:audio_sync_reader.cc(166)] AudioSyncReader::Read timed out, audio glitch count=6
[0629/210813.665:WARNING:quota_manager.cc(1833)] Create directory failed for path
[0629/210813.666:WARNING:quota_manager.cc(1833)] Create directory failed for path
[0629/210814.072:WARNING:quota_manager.cc(1833)] Create directory failed for path
[0629/211241.675:WARNING:quota_manager.cc(1833)] Create directory failed for path
[0629/211241.675:WARNING:quota_manager.cc(1833)] Create directory failed for path
[0629/211242.354:WARNING:quota_manager.cc(1833)] Create directory failed for path
[0629/211525.398:WARNING:quota_manager.cc(1833)] Create directory failed for path
[0629/211525.398:WARNING:quota_manager.cc(1833)] Create directory failed for path
[0629/211525.547:WARNING:quota_manager.cc(1833)] Create directory failed for path
[0629/211847.978:WARNING:quota_manager.cc(1833)] Create directory failed for path
[0629/211847.979:WARNING:quota_manager.cc(1833)] Create directory failed for path
[0629/211848.703:WARNING:quota_manager.cc(1833)] Create directory failed for path
[0629/211907.914:WARNING:audio_output_dispatcher_impl.cc(138)] Active proxy streams during shutdown: 1
[0629/212013.405:WARNING:quota_manager.cc(1833)] Create directory failed for path
[0629/212013.406:WARNING:quota_manager.cc(1833)] Create directory failed for path
[0629/212014.217:WARNING:quota_manager.cc(1833)] Create directory failed for path
[0629/212231.366:WARNING:quota_manager.cc(1833)] Create directory failed for path
[0629/212231.367:WARNING:quota_manager.cc(1833)] Create directory failed for path
[0629/212231.656:WARNING:quota_manager.cc(1833)] Create directory failed for path
[0629/212435.727:WARNING:quota_manager.cc(1833)] Create directory failed for path
[0629/212435.728:WARNING:quota_manager.cc(1833)] Create directory failed for path
[0629/212436.226:WARNING:quota_manager.cc(1833)] Create directory failed for path
[0629/212707.838:WARNING:quota_manager.cc(1833)] Create directory failed for path
[0629/212707.838:WARNING:quota_manager.cc(1833)] Create directory failed for path
[0629/212708.609:WARNING:quota_manager.cc(1833)] Create directory failed for path
[0629/213023.496:WARNING:quota_manager.cc(1833)] Create directory failed for path
[0629/213023.497:WARNING:quota_manager.cc(1833)] Create directory failed for path
[0629/213023.738:WARNING:quota_manager.cc(1833)] Create directory failed for path
[0629/213159.129:WARNING:quota_manager.cc(1833)] Create directory failed for path
[0629/213159.130:WARNING:quota_manager.cc(1833)] Create directory failed for path
[0629/213200.133:WARNING:quota_manager.cc(1833)] Create directory failed for path
[0629/213213.529:WARNING:audio_output_dispatcher_impl.cc(138)] Active proxy streams during shutdown: 1
[0629/213311.596:WARNING:quota_manager.cc(1833)] Create directory failed for path
[0629/213311.596:WARNING:quota_manager.cc(1833)] Create directory failed for path
[0629/213311.607:WARNING:quota_manager.cc(1833)] Create directory failed for path
[0629/213510.241:WARNING:quota_manager.cc(1833)] Create directory failed for path
[0629/213510.241:WARNING:quota_manager.cc(1833)] Create directory failed for path
[0629/213510.994:WARNING:quota_manager.cc(1833)] Create directory failed for path
[0629/213830.836:WARNING:quota_manager.cc(1833)] Create directory failed for path
[0629/213830.837:WARNING:quota_manager.cc(1833)] Create directory failed for path
[0629/213831.125:WARNING:quota_manager.cc(1833)] Create directory failed for path
[0629/213955.035:WARNING:quota_manager.cc(1833)] Create directory failed for path
[0629/213955.036:WARNING:quota_manager.cc(1833)] Create directory failed for path
[0629/213955.293:WARNING:quota_manager.cc(1833)] Create directory failed for path
[0629/214143.552:WARNING:quota_manager.cc(1833)] Create directory failed for path
[0629/214143.552:WARNING:quota_manager.cc(1833)] Create directory failed for path
[0629/214144.257:WARNING:quota_manager.cc(1833)] Create directory failed for path
[0629/214415.378:WARNING:quota_manager.cc(1833)] Create directory failed for path
[0629/214415.379:WARNING:quota_manager.cc(1833)] Create directory failed for path
[0629/214415.673:WARNING:quota_manager.cc(1833)] Create directory failed for path
[0629/214631.869:WARNING:quota_manager.cc(1833)] Create directory failed for path
[0629/214631.869:WARNING:quota_manager.cc(1833)] Create directory failed for path
[0629/214632.510:WARNING:quota_manager.cc(1833)] Create directory failed for path
[0629/214701.289:WARNING:audio_output_dispatcher_impl.cc(138)] Active proxy streams during shutdown: 1
[0629/214701.371:WARNING:audio_sync_reader.cc(166)] AudioSyncReader::Read timed out, audio glitch count=1
[0629/214701.401:WARNING:audio_sync_reader.cc(166)] AudioSyncReader::Read timed out, audio glitch count=2
[0629/214701.432:WARNING:audio_sync_reader.cc(166)] AudioSyncReader::Read timed out, audio glitch count=3
[0629/214701.462:WARNING:audio_sync_reader.cc(166)] AudioSyncReader::Read timed out, audio glitch count=4
[0629/214701.492:WARNING:audio_sync_reader.cc(166)] AudioSyncReader::Read timed out, audio glitch count=5
[0629/214701.522:WARNING:audio_sync_reader.cc(166)] AudioSyncReader::Read timed out, audio glitch count=6
[0629/214701.552:WARNING:audio_sync_reader.cc(166)] AudioSyncReader::Read timed out, audio glitch count=7
[0629/214703.296:WARNING:audio_sync_reader.cc(166)] AudioSyncReader::Read timed out, audio glitch count=8
[0629/214810.794:WARNING:quota_manager.cc(1833)] Create directory failed for path
[0629/214810.795:WARNING:quota_manager.cc(1833)] Create directory failed for path
[0629/214811.279:WARNING:quota_manager.cc(1833)] Create directory failed for path
[0629/214850.832:WARNING:quota_manager.cc(1833)] Create directory failed for path
[0629/214854.196:WARNING:quota_manager.cc(1833)] Create directory failed for path
[0629/215541.745:WARNING:quota_manager.cc(1833)] Create directory failed for path
[0629/215541.746:WARNING:quota_manager.cc(1833)] Create directory failed for path
[0629/215542.167:WARNING:quota_manager.cc(1833)] Create directory failed for path
[0629/215710.762:WARNING:quota_manager.cc(1833)] Create directory failed for path
[0629/215710.763:WARNING:quota_manager.cc(1833)] Create directory failed for path
[0629/215711.443:WARNING:quota_manager.cc(1833)] Create directory failed for path
[0629/220121.244:WARNING:quota_manager.cc(1833)] Create directory failed for path
[0629/220121.244:WARNING:quota_manager.cc(1833)] Create directory failed for path
[0629/220122.029:WARNING:quota_manager.cc(1833)] Create directory failed for path
[0629/220301.101:WARNING:quota_manager.cc(1833)] Create directory failed for path
[0629/220301.101:WARNING:quota_manager.cc(1833)] Create directory failed for path
[0629/220301.348:WARNING:quota_manager.cc(1833)] Create directory failed for path
[0629/220608.356:WARNING:quota_manager.cc(1833)] Create directory failed for path
[0629/220608.356:WARNING:quota_manager.cc(1833)] Create directory failed for path
[0629/220609.015:WARNING:quota_manager.cc(1833)] Create directory failed for path
[0629/220637.020:WARNING:quota_manager.cc(1833)] Create directory failed for path
[0629/220644.224:WARNING:audio_output_dispatcher_impl.cc(138)] Active proxy streams during shutdown: 1
[0629/220751.095:WARNING:quota_manager.cc(1833)] Create directory failed for path
[0629/220751.096:WARNING:quota_manager.cc(1833)] Create directory failed for path
[0629/220751.509:WARNING:quota_manager.cc(1833)] Create directory failed for path
[0629/221150.475:WARNING:quota_manager.cc(1833)] Create directory failed for path
[0629/221150.475:WARNING:quota_manager.cc(1833)] Create directory failed for path
[0629/221151.471:WARNING:quota_manager.cc(1833)] Create directory failed for path
[0629/221305.832:WARNING:quota_manager.cc(1833)] Create directory failed for path
[0629/221305.832:WARNING:quota_manager.cc(1833)] Create directory failed for path
[0629/221306.156:WARNING:quota_manager.cc(1833)] Create directory failed for path
[0629/221456.338:WARNING:quota_manager.cc(1833)] Create directory failed for path
[0629/221456.339:WARNING:quota_manager.cc(1833)] Create directory failed for path
[0629/221457.149:WARNING:quota_manager.cc(1833)] Create directory failed for path
[0629/221647.051:WARNING:quota_manager.cc(1833)] Create directory failed for path
[0629/221647.051:WARNING:quota_manager.cc(1833)] Create directory failed for path
[0629/221647.054:WARNING:quota_manager.cc(1833)] Create directory failed for path
[0629/221716.492:WARNING:audio_output_dispatcher_impl.cc(138)] Active proxy streams during shutdown: 1
[0629/221716.573:WARNING:audio_sync_reader.cc(166)] AudioSyncReader::Read timed out, audio glitch count=1
[0629/221716.601:WARNING:audio_sync_reader.cc(166)] AudioSyncReader::Read timed out, audio glitch count=2
[0629/221716.622:WARNING:audio_sync_reader.cc(166)] AudioSyncReader::Read timed out, audio glitch count=3
[0629/221716.652:WARNING:audio_sync_reader.cc(166)] AudioSyncReader::Read timed out, audio glitch count=4
[0629/221716.682:WARNING:audio_sync_reader.cc(166)] AudioSyncReader::Read timed out, audio glitch count=5
[0629/221716.712:WARNING:audio_sync_reader.cc(166)] AudioSyncReader::Read timed out, audio glitch count=6
[0629/221716.742:WARNING:audio_sync_reader.cc(166)] AudioSyncReader::Read timed out, audio glitch count=7
[0629/221718.595:WARNING:audio_sync_reader.cc(166)] AudioSyncReader::Read timed out, audio glitch count=8
[0629/221816.885:WARNING:quota_manager.cc(1833)] Create directory failed for path
[0629/221816.885:WARNING:quota_manager.cc(1833)] Create directory failed for path
[0629/221817.162:WARNING:quota_manager.cc(1833)] Create directory failed for path
[0629/221842.712:WARNING:audio_output_dispatcher_impl.cc(138)] Active proxy streams during shutdown: 1
[0629/221946.167:WARNING:quota_manager.cc(1833)] Create directory failed for path
[0629/221946.168:WARNING:quota_manager.cc(1833)] Create directory failed for path
[0629/221946.180:WARNING:quota_manager.cc(1833)] Create directory failed for path
[0629/222049.072:WARNING:quota_manager.cc(1833)] Create directory failed for path
[0629/222049.073:WARNING:quota_manager.cc(1833)] Create directory failed for path
[0629/222049.898:WARNING:quota_manager.cc(1833)] Create directory failed for path
[0629/222320.443:WARNING:quota_manager.cc(1833)] Create directory failed for path
[0629/222320.443:WARNING:quota_manager.cc(1833)] Create directory failed for path
[0629/222320.769:WARNING:quota_manager.cc(1833)] Create directory failed for path
[0629/222636.588:WARNING:quota_manager.cc(1833)] Create directory failed for path
[0629/222636.589:WARNING:quota_manager.cc(1833)] Create directory failed for path
[0629/222637.220:WARNING:quota_manager.cc(1833)] Create directory failed for path
[0629/222658.638:WARNING:audio_output_dispatcher_impl.cc(138)] Active proxy streams during shutdown: 1
[0629/222807.374:WARNING:quota_manager.cc(1833)] Create directory failed for path
[0629/222807.376:WARNING:quota_manager.cc(1833)] Create directory failed for path
[0629/222807.639:WARNING:quota_manager.cc(1833)] Create directory failed for path
[0629/223224.851:WARNING:quota_manager.cc(1833)] Create directory failed for path
[0629/223224.851:WARNING:quota_manager.cc(1833)] Create directory failed for path
[0629/223225.157:WARNING:quota_manager.cc(1833)] Create directory failed for path
[0629/223348.301:WARNING:quota_manager.cc(1833)] Create directory failed for path
[0629/223348.301:WARNING:quota_manager.cc(1833)] Create directory failed for path
[0629/223348.612:WARNING:quota_manager.cc(1833)] Create directory failed for path
[0629/223602.241:WARNING:quota_manager.cc(1833)] Create directory failed for path
[0629/223602.241:WARNING:quota_manager.cc(1833)] Create directory failed for path
[0629/223602.522:WARNING:quota_manager.cc(1833)] Create directory failed for path
[0629/223622.172:WARNING:audio_output_dispatcher_impl.cc(138)] Active proxy streams during shutdown: 1
[0629/223700.241:WARNING:quota_manager.cc(1833)] Create directory failed for path
[0629/223700.242:WARNING:quota_manager.cc(1833)] Create directory failed for path
[0629/223700.986:WARNING:quota_manager.cc(1833)] Create directory failed for path
[0629/223709.100:WARNING:quota_manager.cc(1833)] Create directory failed for path
[0629/223717.567:WARNING:quota_manager.cc(1833)] Create directory failed for path
[0629/223745.165:WARNING:audio_output_dispatcher_impl.cc(138)] Active proxy streams during shutdown: 1
[0629/223745.242:WARNING:audio_sync_reader.cc(166)] AudioSyncReader::Read timed out, audio glitch count=1
[0629/223745.271:WARNING:audio_sync_reader.cc(166)] AudioSyncReader::Read timed out, audio glitch count=2
[0629/223745.301:WARNING:audio_sync_reader.cc(166)] AudioSyncReader::Read timed out, audio glitch count=3
[0629/223745.322:WARNING:audio_sync_reader.cc(166)] AudioSyncReader::Read timed out, audio glitch count=4
[0629/223745.352:WARNING:audio_sync_reader.cc(166)] AudioSyncReader::Read timed out, audio glitch count=5
[0629/223745.383:WARNING:audio_sync_reader.cc(166)] AudioSyncReader::Read timed out, audio glitch count=6
[0629/225438.451:WARNING:quota_manager.cc(1833)] Create directory failed for path
[0629/225438.452:WARNING:quota_manager.cc(1833)] Create directory failed for path
[0629/225438.721:WARNING:quota_manager.cc(1833)] Create directory failed for path
[0629/225506.307:WARNING:audio_output_dispatcher_impl.cc(138)] Active proxy streams during shutdown: 1
[0629/225600.682:WARNING:quota_manager.cc(1833)] Create directory failed for path
[0629/225600.683:WARNING:quota_manager.cc(1833)] Create directory failed for path
[0629/225600.984:WARNING:quota_manager.cc(1833)] Create directory failed for path
[0629/225630.348:WARNING:audio_output_dispatcher_impl.cc(138)] Active proxy streams during shutdown: 1
[0629/225630.426:WARNING:audio_sync_reader.cc(166)] AudioSyncReader::Read timed out, audio glitch count=1
[0629/225630.452:WARNING:audio_sync_reader.cc(166)] AudioSyncReader::Read timed out, audio glitch count=2
[0629/225630.482:WARNING:audio_sync_reader.cc(166)] AudioSyncReader::Read timed out, audio glitch count=3
[0629/225632.315:WARNING:audio_sync_reader.cc(166)] AudioSyncReader::Read timed out, audio glitch count=4
[0629/225724.969:WARNING:quota_manager.cc(1833)] Create directory failed for path
[0629/225724.970:WARNING:quota_manager.cc(1833)] Create directory failed for path
[0629/225725.625:WARNING:quota_manager.cc(1833)] Create directory failed for path
[0629/225925.506:WARNING:quota_manager.cc(1833)] Create directory failed for path
[0629/225925.506:WARNING:quota_manager.cc(1833)] Create directory failed for path
[0629/225925.913:WARNING:quota_manager.cc(1833)] Create directory failed for path
[0629/230116.181:WARNING:quota_manager.cc(1833)] Create directory failed for path
[0629/230116.183:WARNING:quota_manager.cc(1833)] Create directory failed for path
[0629/230116.415:WARNING:quota_manager.cc(1833)] Create directory failed for path
[0629/230700.244:WARNING:quota_manager.cc(1833)] Create directory failed for path
[0629/230700.245:WARNING:quota_manager.cc(1833)] Create directory failed for path
[0629/230700.459:WARNING:quota_manager.cc(1833)] Create directory failed for path
[0629/230725.758:WARNING:audio_output_dispatcher_impl.cc(138)] Active proxy streams during shutdown: 1
[0629/231020.191:WARNING:quota_manager.cc(1833)] Create directory failed for path
[0629/231020.191:WARNING:quota_manager.cc(1833)] Create directory failed for path
[0629/231020.475:WARNING:quota_manager.cc(1833)] Create directory failed for path
[0629/231040.195:WARNING:audio_output_dispatcher_impl.cc(138)] Active proxy streams during shutdown: 1
[0629/231358.312:WARNING:quota_manager.cc(1833)] Create directory failed for path
[0629/231358.313:WARNING:quota_manager.cc(1833)] Create directory failed for path
[0629/231358.969:WARNING:quota_manager.cc(1833)] Create directory failed for path
[0629/231714.891:WARNING:quota_manager.cc(1833)] Create directory failed for path
[0629/231714.893:WARNING:quota_manager.cc(1833)] Create directory failed for path
[0629/231715.226:WARNING:quota_manager.cc(1833)] Create directory failed for path
[0629/232122.737:WARNING:quota_manager.cc(1833)] Create directory failed for path
[0629/232122.738:WARNING:quota_manager.cc(1833)] Create directory failed for path
[0629/232122.885:WARNING:quota_manager.cc(1833)] Create directory failed for path
[0629/233315.315:WARNING:quota_manager.cc(1833)] Create directory failed for path
[0629/233315.316:WARNING:quota_manager.cc(1833)] Create directory failed for path
[0629/233316.011:WARNING:quota_manager.cc(1833)] Create directory failed for path
[0629/233620.470:WARNING:quota_manager.cc(1833)] Create directory failed for path
[0629/233620.471:WARNING:quota_manager.cc(1833)] Create directory failed for path
[0629/233621.503:WARNING:quota_manager.cc(1833)] Create directory failed for path
[0629/234312.825:WARNING:quota_manager.cc(1833)] Create directory failed for path
[0629/234312.826:WARNING:quota_manager.cc(1833)] Create directory failed for path
[0629/234313.080:WARNING:quota_manager.cc(1833)] Create directory failed for path
[0629/234516.250:WARNING:quota_manager.cc(1833)] Create directory failed for path
[0629/234516.251:WARNING:quota_manager.cc(1833)] Create directory failed for path
[0629/234516.904:WARNING:quota_manager.cc(1833)] Create directory failed for path
[0629/234958.759:WARNING:quota_manager.cc(1833)] Create directory failed for path
[0629/234958.759:WARNING:quota_manager.cc(1833)] Create directory failed for path
[0629/234959.475:WARNING:quota_manager.cc(1833)] Create directory failed for path
[0629/235019.515:WARNING:audio_output_dispatcher_impl.cc(138)] Active proxy streams during shutdown: 1
[0629/235245.869:WARNING:quota_manager.cc(1833)] Create directory failed for path
[0629/235245.869:WARNING:quota_manager.cc(1833)] Create directory failed for path
[0629/235246.202:WARNING:quota_manager.cc(1833)] Create directory failed for path
[0629/235305.607:WARNING:quota_manager.cc(1833)] Create directory failed for path
[0629/235322.620:WARNING:audio_output_dispatcher_impl.cc(138)] Active proxy streams during shutdown: 1
[0629/235428.275:WARNING:quota_manager.cc(1833)] Create directory failed for path
[0629/235428.276:WARNING:quota_manager.cc(1833)] Create directory failed for path
[0629/235429.077:WARNING:quota_manager.cc(1833)] Create directory failed for path
[0629/235446.125:WARNING:audio_output_dispatcher_impl.cc(138)] Active proxy streams during shutdown: 1
[0629/235629.325:WARNING:quota_manager.cc(1833)] Create directory failed for path
[0629/235629.326:WARNING:quota_manager.cc(1833)] Create directory failed for path
[0629/235629.580:WARNING:quota_manager.cc(1833)] Create directory failed for path
[0629/235643.843:WARNING:audio_output_dispatcher_impl.cc(138)] Active proxy streams during shutdown: 1
[0629/235718.936:WARNING:quota_manager.cc(1833)] Create directory failed for path
[0629/235718.937:WARNING:quota_manager.cc(1833)] Create directory failed for path
[0629/235719.281:WARNING:quota_manager.cc(1833)] Create directory failed for path
[0629/235827.582:WARNING:quota_manager.cc(1833)] Create directory failed for path
[0629/235827.583:WARNING:quota_manager.cc(1833)] Create directory failed for path
[0629/235827.841:WARNING:quota_manager.cc(1833)] Create directory failed for path
[0630/002602.241:WARNING:quota_manager.cc(1833)] Create directory failed for path
[0630/002602.242:WARNING:quota_manager.cc(1833)] Create directory failed for path
[0630/002602.694:WARNING:quota_manager.cc(1833)] Create directory failed for path
[0630/002913.245:WARNING:quota_manager.cc(1833)] Create directory failed for path
[0630/002913.245:WARNING:quota_manager.cc(1833)] Create directory failed for path
[0630/002913.674:WARNING:quota_manager.cc(1833)] Create directory failed for path
[0630/003216.422:WARNING:quota_manager.cc(1833)] Create directory failed for path
[0630/003216.424:WARNING:quota_manager.cc(1833)] Create directory failed for path
[0630/003216.426:WARNING:quota_manager.cc(1833)] Create directory failed for path
[0630/003312.166:WARNING:quota_manager.cc(1833)] Create directory failed for path
[0630/003422.071:WARNING:quota_manager.cc(1833)] Create directory failed for path
[0630/003422.071:WARNING:quota_manager.cc(1833)] Create directory failed for path
[0630/003422.926:WARNING:quota_manager.cc(1833)] Create directory failed for path
[0630/003427.693:WARNING:audio_output_dispatcher_impl.cc(138)] Active proxy streams during shutdown: 1
[0630/004938.472:WARNING:quota_manager.cc(1833)] Create directory failed for path
[0630/004938.472:WARNING:quota_manager.cc(1833)] Create directory failed for path
[0630/004939.178:WARNING:quota_manager.cc(1833)] Create directory failed for path
[0630/005102.426:WARNING:quota_manager.cc(1833)] Create directory failed for path
[0630/005102.427:WARNING:quota_manager.cc(1833)] Create directory failed for path
[0630/005102.740:WARNING:quota_manager.cc(1833)] Create directory failed for path
[0630/005123.975:WARNING:htmlmediaelement.cpp(1954)] currentPlaybackPosition readyState = 4 but no webMeidaPlayer to provide currentPlaybackPosition
[0630/005155.651:WARNING:audio_output_dispatcher_impl.cc(138)] Active proxy streams during shutdown: 1
[0630/005155.732:WARNING:audio_sync_reader.cc(166)] AudioSyncReader::Read timed out, audio glitch count=1
[0630/005155.763:WARNING:audio_sync_reader.cc(166)] AudioSyncReader::Read timed out, audio glitch count=2
[0630/005155.793:WARNING:audio_sync_reader.cc(166)] AudioSyncReader::Read timed out, audio glitch count=3
[0630/005155.823:WARNING:audio_sync_reader.cc(166)] AudioSyncReader::Read timed out, audio glitch count=4
[0630/005155.854:WARNING:audio_sync_reader.cc(166)] AudioSyncReader::Read timed out, audio glitch count=5
[0630/005155.884:WARNING:audio_sync_reader.cc(166)] AudioSyncReader::Read timed out, audio glitch count=6
[0630/005155.914:WARNING:audio_sync_reader.cc(166)] AudioSyncReader::Read timed out, audio glitch count=7
[0630/005155.943:WARNING:audio_sync_reader.cc(166)] AudioSyncReader::Read timed out, audio glitch count=8
[0630/005157.849:WARNING:audio_sync_reader.cc(166)] AudioSyncReader::Read timed out, audio glitch count=9
[0630/005301.674:WARNING:quota_manager.cc(1833)] Create directory failed for path
[0630/005301.675:WARNING:quota_manager.cc(1833)] Create directory failed for path
[0630/005302.501:WARNING:quota_manager.cc(1833)] Create directory failed for path
[0630/005318.179:WARNING:audio_output_dispatcher_impl.cc(138)] Active proxy streams during shutdown: 1
[0630/005538.661:WARNING:quota_manager.cc(1833)] Create directory failed for path
[0630/005538.662:WARNING:quota_manager.cc(1833)] Create directory failed for path
[0630/005539.411:WARNING:quota_manager.cc(1833)] Create directory failed for path
[0630/010358.994:WARNING:quota_manager.cc(1833)] Create directory failed for path
[0630/010358.994:WARNING:quota_manager.cc(1833)] Create directory failed for path
[0630/010359.614:WARNING:quota_manager.cc(1833)] Create directory failed for path
[0630/010421.173:WARNING:audio_output_dispatcher_impl.cc(138)] Active proxy streams during shutdown: 1
[0630/010627.917:WARNING:quota_manager.cc(1833)] Create directory failed for path
[0630/010627.918:WARNING:quota_manager.cc(1833)] Create directory failed for path
[0630/010628.522:WARNING:quota_manager.cc(1833)] Create directory failed for path
[0630/010654.669:WARNING:audio_output_dispatcher_impl.cc(138)] Active proxy streams during shutdown: 1
[0630/010746.846:WARNING:quota_manager.cc(1833)] Create directory failed for path
[0630/010746.847:WARNING:quota_manager.cc(1833)] Create directory failed for path
[0630/010747.265:WARNING:quota_manager.cc(1833)] Create directory failed for path
[0630/010812.338:WARNING:audio_output_dispatcher_impl.cc(138)] Active proxy streams during shutdown: 1
[0630/010916.858:WARNING:quota_manager.cc(1833)] Create directory failed for path
[0630/010916.859:WARNING:quota_manager.cc(1833)] Create directory failed for path
[0630/010917.084:WARNING:quota_manager.cc(1833)] Create directory failed for path
[0630/011117.543:WARNING:quota_manager.cc(1833)] Create directory failed for path
[0630/011117.543:WARNING:quota_manager.cc(1833)] Create directory failed for path
[0630/011118.405:WARNING:quota_manager.cc(1833)] Create directory failed for path
[0630/011126.904:WARNING:quota_manager.cc(1833)] Create directory failed for path
[0630/011129.607:WARNING:quota_manager.cc(1833)] Create directory failed for path
[0630/011200.144:WARNING:audio_output_dispatcher_impl.cc(138)] Active proxy streams during shutdown: 1
[0630/011200.183:ERROR:broker_win.cc(138)] Error sending sync broker message
[0630/011200.183:WARNING:child_thread_impl.cc(738)] Browser failed to allocate shared memory
[0630/011200.213:WARNING:audio_sync_reader.cc(166)] AudioSyncReader::Read timed out, audio glitch count=1
[0630/011200.243:WARNING:audio_sync_reader.cc(166)] AudioSyncReader::Read timed out, audio glitch count=2
[0630/011200.274:WARNING:audio_sync_reader.cc(166)] AudioSyncReader::Read timed out, audio glitch count=3
[0630/011200.313:WARNING:audio_sync_reader.cc(166)] AudioSyncReader::Read timed out, audio glitch count=4
[0630/011200.344:WARNING:audio_sync_reader.cc(166)] AudioSyncReader::Read timed out, audio glitch count=5
[0630/011200.374:WARNING:audio_sync_reader.cc(166)] AudioSyncReader::Read timed out, audio glitch count=6
[0630/011200.404:WARNING:audio_sync_reader.cc(166)] AudioSyncReader::Read timed out, audio glitch count=7
[0630/011202.242:WARNING:audio_sync_reader.cc(166)] AudioSyncReader::Read timed out, audio glitch count=8
[0630/011316.298:WARNING:quota_manager.cc(1833)] Create directory failed for path
[0630/011316.299:WARNING:quota_manager.cc(1833)] Create directory failed for path
[0630/011316.640:WARNING:quota_manager.cc(1833)] Create directory failed for path
[0630/011839.018:WARNING:quota_manager.cc(1833)] Create directory failed for path
[0630/011839.018:WARNING:quota_manager.cc(1833)] Create directory failed for path
[0630/011839.568:WARNING:quota_manager.cc(1833)] Create directory failed for path
[0630/011910.856:WARNING:quota_manager.cc(1833)] Create directory failed for path
[0630/011929.328:WARNING:audio_output_dispatcher_impl.cc(138)] Active proxy streams during shutdown: 1
[0630/012018.666:WARNING:quota_manager.cc(1833)] Create directory failed for path
[0630/012018.667:WARNING:quota_manager.cc(1833)] Create directory failed for path
[0630/012019.729:WARNING:quota_manager.cc(1833)] Create directory failed for path
[0630/012037.832:WARNING:quota_manager.cc(1833)] Create directory failed for path
[0630/012040.702:WARNING:quota_manager.cc(1833)] Create directory failed for path
[0630/012044.844:WARNING:quota_manager.cc(1833)] Create directory failed for path
[0630/012133.798:WARNING:quota_manager.cc(1833)] Create directory failed for path
[0630/012242.863:WARNING:quota_manager.cc(1833)] Create directory failed for path
[0630/012619.246:WARNING:quota_manager.cc(1833)] Create directory failed for path
[0630/012619.247:WARNING:quota_manager.cc(1833)] Create directory failed for path
[0630/012619.887:WARNING:quota_manager.cc(1833)] Create directory failed for path
[0630/012645.795:WARNING:audio_output_dispatcher_impl.cc(138)] Active proxy streams during shutdown: 1
[0630/012749.893:WARNING:quota_manager.cc(1833)] Create directory failed for path
[0630/012749.894:WARNING:quota_manager.cc(1833)] Create directory failed for path
[0630/012750.643:WARNING:quota_manager.cc(1833)] Create directory failed for path
[0630/012809.727:WARNING:quota_manager.cc(1833)] Create directory failed for path
[0630/012818.106:WARNING:quota_manager.cc(1833)] Create directory failed for path
[0630/013118.561:WARNING:quota_manager.cc(1833)] Create directory failed for path
[0630/013317.092:WARNING:quota_manager.cc(1833)] Create directory failed for path
[0630/013317.093:WARNING:quota_manager.cc(1833)] Create directory failed for path
[0630/013317.796:WARNING:quota_manager.cc(1833)] Create directory failed for path
[0630/013328.714:WARNING:audio_output_dispatcher_impl.cc(138)] Active proxy streams during shutdown: 1
[0630/014617.058:WARNING:quota_manager.cc(1833)] Create directory failed for path
[0630/014617.059:WARNING:quota_manager.cc(1833)] Create directory failed for path
[0630/014617.688:WARNING:quota_manager.cc(1833)] Create directory failed for path
[0630/015201.359:WARNING:quota_manager.cc(1833)] Create directory failed for path
[0630/015201.360:WARNING:quota_manager.cc(1833)] Create directory failed for path
[0630/015201.980:WARNING:quota_manager.cc(1833)] Create directory failed for path
[0630/015411.046:WARNING:quota_manager.cc(1833)] Create directory failed for path
[0630/015411.047:WARNING:quota_manager.cc(1833)] Create directory failed for path
[0630/015411.214:WARNING:quota_manager.cc(1833)] Create directory failed for path
[0630/015553.981:WARNING:quota_manager.cc(1833)] Create directory failed for path
[0630/015553.982:WARNING:quota_manager.cc(1833)] Create directory failed for path
[0630/015554.770:WARNING:quota_manager.cc(1833)] Create directory failed for path
[0630/015623.000:WARNING:audio_output_dispatcher_impl.cc(138)] Active proxy streams during shutdown: 1
[0630/015623.074:WARNING:audio_sync_reader.cc(166)] AudioSyncReader::Read timed out, audio glitch count=1
[0630/015623.104:WARNING:audio_sync_reader.cc(166)] AudioSyncReader::Read timed out, audio glitch count=2
[0630/015623.134:WARNING:audio_sync_reader.cc(166)] AudioSyncReader::Read timed out, audio glitch count=3
[0630/015623.168:WARNING:audio_sync_reader.cc(166)] AudioSyncReader::Read timed out, audio glitch count=4
[0630/015623.195:WARNING:audio_sync_reader.cc(166)] AudioSyncReader::Read timed out, audio glitch count=5
[0630/015623.224:WARNING:audio_sync_reader.cc(166)] AudioSyncReader::Read timed out, audio glitch count=6
[0630/015623.254:WARNING:audio_sync_reader.cc(166)] AudioSyncReader::Read timed out, audio glitch count=7
[0630/015712.380:WARNING:quota_manager.cc(1833)] Create directory failed for path
[0630/015712.381:WARNING:quota_manager.cc(1833)] Create directory failed for path
[0630/015713.094:WARNING:quota_manager.cc(1833)] Create directory failed for path
[0630/015749.939:WARNING:quota_manager.cc(1833)] Create directory failed for path
[0630/015806.193:WARNING:audio_output_dispatcher_impl.cc(138)] Active proxy streams during shutdown: 1
[0630/020035.469:WARNING:quota_manager.cc(1833)] Create directory failed for path
[0630/020035.469:WARNING:quota_manager.cc(1833)] Create directory failed for path
[0630/020036.294:WARNING:quota_manager.cc(1833)] Create directory failed for path
[0630/020557.562:WARNING:quota_manager.cc(1833)] Create directory failed for path
[0630/020557.563:WARNING:quota_manager.cc(1833)] Create directory failed for path
[0630/020558.038:WARNING:quota_manager.cc(1833)] Create directory failed for path
[0630/020649.180:WARNING:audio_output_dispatcher_impl.cc(138)] Active proxy streams during shutdown: 1
[0630/020649.254:WARNING:audio_sync_reader.cc(166)] AudioSyncReader::Read timed out, audio glitch count=1
[0630/020649.284:WARNING:audio_sync_reader.cc(166)] AudioSyncReader::Read timed out, audio glitch count=2
[0630/020649.314:WARNING:audio_sync_reader.cc(166)] AudioSyncReader::Read timed out, audio glitch count=3
[0630/020649.343:WARNING:audio_sync_reader.cc(166)] AudioSyncReader::Read timed out, audio glitch count=4
[0630/020649.373:WARNING:audio_sync_reader.cc(166)] AudioSyncReader::Read timed out, audio glitch count=5
[0630/020649.404:WARNING:audio_sync_reader.cc(166)] AudioSyncReader::Read timed out, audio glitch count=6
[0630/020649.434:WARNING:audio_sync_reader.cc(166)] AudioSyncReader::Read timed out, audio glitch count=7
[0630/020649.464:WARNING:audio_sync_reader.cc(166)] AudioSyncReader::Read timed out, audio glitch count=8
[0630/020649.494:WARNING:audio_sync_reader.cc(166)] AudioSyncReader::Read timed out, audio glitch count=9
[0630/020947.664:WARNING:quota_manager.cc(1833)] Create directory failed for path
[0630/020947.665:WARNING:quota_manager.cc(1833)] Create directory failed for path
[0630/020947.886:WARNING:quota_manager.cc(1833)] Create directory failed for path
[0707/182453.370:WARNING:quota_manager.cc(1833)] Create directory failed for path
[0707/182453.371:WARNING:quota_manager.cc(1833)] Create directory failed for path
[0707/182453.671:WARNING:quota_manager.cc(1833)] Create directory failed for path
[0707/183213.353:WARNING:quota_manager.cc(1833)] Create directory failed for path
[0707/183213.353:WARNING:quota_manager.cc(1833)] Create directory failed for path
[0707/183213.654:WARNING:quota_manager.cc(1833)] Create directory failed for path
[0707/183534.815:WARNING:quota_manager.cc(1833)] Create directory failed for path
[0707/183534.815:WARNING:quota_manager.cc(1833)] Create directory failed for path
[0707/183534.975:WARNING:quota_manager.cc(1833)] Create directory failed for path
[0707/183924.452:WARNING:quota_manager.cc(1833)] Create directory failed for path
[0707/183924.452:WARNING:quota_manager.cc(1833)] Create directory failed for path
[0707/183924.917:WARNING:quota_manager.cc(1833)] Create directory failed for path
[0707/184159.058:WARNING:quota_manager.cc(1833)] Create directory failed for path
[0707/184159.059:WARNING:quota_manager.cc(1833)] Create directory failed for path
[0707/184159.241:WARNING:quota_manager.cc(1833)] Create directory failed for path
[0707/185100.344:WARNING:quota_manager.cc(1833)] Create directory failed for path
[0707/185100.345:WARNING:quota_manager.cc(1833)] Create directory failed for path
[0707/185100.681:WARNING:quota_manager.cc(1833)] Create directory failed for path
[0707/185927.096:WARNING:quota_manager.cc(1833)] Create directory failed for path
[0707/185927.097:WARNING:quota_manager.cc(1833)] Create directory failed for path
[0707/185927.359:WARNING:quota_manager.cc(1833)] Create directory failed for path
[0707/190109.559:WARNING:quota_manager.cc(1833)] Create directory failed for path
[0707/190109.559:WARNING:quota_manager.cc(1833)] Create directory failed for path
[0707/190110.074:WARNING:quota_manager.cc(1833)] Create directory failed for path
[0707/190451.160:WARNING:quota_manager.cc(1833)] Create directory failed for path
[0707/190451.160:WARNING:quota_manager.cc(1833)] Create directory failed for path
[0707/190451.339:WARNING:quota_manager.cc(1833)] Create directory failed for path
[0707/190534.568:WARNING:quota_manager.cc(1833)] Create directory failed for path
[0707/190534.569:WARNING:quota_manager.cc(1833)] Create directory failed for path
[0707/190534.949:WARNING:quota_manager.cc(1833)] Create directory failed for path
[0707/190847.330:WARNING:quota_manager.cc(1833)] Create directory failed for path
[0707/190847.330:WARNING:quota_manager.cc(1833)] Create directory failed for path
[0707/190847.447:WARNING:quota_manager.cc(1833)] Create directory failed for path
[0707/190909.620:WARNING:quota_manager.cc(1833)] Create directory failed for path
[0707/190909.621:WARNING:quota_manager.cc(1833)] Create directory failed for path
[0707/190909.994:WARNING:quota_manager.cc(1833)] Create directory failed for path
[0707/191108.215:WARNING:quota_manager.cc(1833)] Create directory failed for path
[0707/191108.216:WARNING:quota_manager.cc(1833)] Create directory failed for path
[0707/191108.331:WARNING:quota_manager.cc(1833)] Create directory failed for path
[0707/191402.601:WARNING:quota_manager.cc(1833)] Create directory failed for path
[0707/191402.602:WARNING:quota_manager.cc(1833)] Create directory failed for path
[0707/191402.865:WARNING:quota_manager.cc(1833)] Create directory failed for path
[0707/191510.765:WARNING:quota_manager.cc(1833)] Create directory failed for path
[0707/191510.766:WARNING:quota_manager.cc(1833)] Create directory failed for path
[0707/191510.954:WARNING:quota_manager.cc(1833)] Create directory failed for path
[0707/191633.462:WARNING:quota_manager.cc(1833)] Create directory failed for path
[0707/191633.463:WARNING:quota_manager.cc(1833)] Create directory failed for path
[0707/191633.614:WARNING:quota_manager.cc(1833)] Create directory failed for path
[0707/191920.087:WARNING:quota_manager.cc(1833)] Create directory failed for path
[0707/191920.088:WARNING:quota_manager.cc(1833)] Create directory failed for path
[0707/191920.221:WARNING:quota_manager.cc(1833)] Create directory failed for path
[0707/192425.755:WARNING:quota_manager.cc(1833)] Create directory failed for path
[0707/192425.755:WARNING:quota_manager.cc(1833)] Create directory failed for path
[0707/192426.016:WARNING:quota_manager.cc(1833)] Create directory failed for path
[0707/192450.224:WARNING:quota_manager.cc(1833)] Create directory failed for path
[0707/192450.225:WARNING:quota_manager.cc(1833)] Create directory failed for path
[0707/192450.386:WARNING:quota_manager.cc(1833)] Create directory failed for path
[0707/192608.790:WARNING:quota_manager.cc(1833)] Create directory failed for path
[0707/192608.791:WARNING:quota_manager.cc(1833)] Create directory failed for path
[0707/192609.034:WARNING:quota_manager.cc(1833)] Create directory failed for path
[0707/192812.744:WARNING:quota_manager.cc(1833)] Create directory failed for path
[0707/192812.745:WARNING:quota_manager.cc(1833)] Create directory failed for path
[0707/192813.272:WARNING:quota_manager.cc(1833)] Create directory failed for path
[0707/193255.235:WARNING:quota_manager.cc(1833)] Create directory failed for path
[0707/193255.236:WARNING:quota_manager.cc(1833)] Create directory failed for path
[0707/193255.582:WARNING:quota_manager.cc(1833)] Create directory failed for path
[0707/193337.213:WARNING:quota_manager.cc(1833)] Create directory failed for path
[0707/193337.214:WARNING:quota_manager.cc(1833)] Create directory failed for path
[0707/193337.425:WARNING:quota_manager.cc(1833)] Create directory failed for path
[0707/193428.792:WARNING:quota_manager.cc(1833)] Create directory failed for path
[0707/193428.793:WARNING:quota_manager.cc(1833)] Create directory failed for path
[0707/193429.191:WARNING:quota_manager.cc(1833)] Create directory failed for path
[0707/193724.658:WARNING:quota_manager.cc(1833)] Create directory failed for path
[0707/193724.659:WARNING:quota_manager.cc(1833)] Create directory failed for path
[0707/193724.873:WARNING:quota_manager.cc(1833)] Create directory failed for path
[0707/193810.012:WARNING:quota_manager.cc(1833)] Create directory failed for path
[0707/193810.013:WARNING:quota_manager.cc(1833)] Create directory failed for path
[0707/193810.558:WARNING:quota_manager.cc(1833)] Create directory failed for path
[0707/194443.292:WARNING:quota_manager.cc(1833)] Create directory failed for path
[0707/194443.293:WARNING:quota_manager.cc(1833)] Create directory failed for path
[0707/194443.517:WARNING:quota_manager.cc(1833)] Create directory failed for path
[0707/194518.163:WARNING:quota_manager.cc(1833)] Create directory failed for path
[0707/194518.163:WARNING:quota_manager.cc(1833)] Create directory failed for path
[0707/194518.721:WARNING:quota_manager.cc(1833)] Create directory failed for path
[0707/194609.250:WARNING:quota_manager.cc(1833)] Create directory failed for path
[0707/194609.251:WARNING:quota_manager.cc(1833)] Create directory failed for path
[0707/194609.507:WARNING:quota_manager.cc(1833)] Create directory failed for path
[0707/195214.603:WARNING:quota_manager.cc(1833)] Create directory failed for path
[0707/195214.603:WARNING:quota_manager.cc(1833)] Create directory failed for path
[0707/195214.614:WARNING:quota_manager.cc(1833)] Create directory failed for path
[0707/195343.437:WARNING:quota_manager.cc(1833)] Create directory failed for path
[0707/195343.437:WARNING:quota_manager.cc(1833)] Create directory failed for path
[0707/195343.732:WARNING:quota_manager.cc(1833)] Create directory failed for path
[0707/195618.395:WARNING:quota_manager.cc(1833)] Create directory failed for path
[0707/195618.396:WARNING:quota_manager.cc(1833)] Create directory failed for path
[0707/195618.509:WARNING:quota_manager.cc(1833)] Create directory failed for path
